2020-09-27 17:28:51,727 INFO [mainraceId] o.s.b.t.c.SpringBootTestContextBootstrapper [main] Neither @ContextConfiguration nor @ContextHierarchy found for test class [com.example.springbootdemo.LogTest], using SpringBootContextLoader
buildDefaultMergedContextConfiguration2020-09-27 17:28:51,759 INFO [mainraceId] o.s.t.c.s.AbstractContextLoader [main] Could not detect default resource locations for test class [com.example.springbootdemo.LogTest]: no resource found for suffixes {-context.xml, Context.groovy}.
generateDefaultLocations2020-09-27 17:28:51,760 INFO [mainraceId] o.s.t.c.s.AnnotationConfigContextLoaderUtils [main] Could not detect default configuration classes for test class [com.example.springbootdemo.LogTest]: LogTest does not declare any static, non-private, non-final, nested classes annotated with @Configuration.
detectDefaultConfigurationClasses2020-09-27 17:28:51,921 INFO [mainraceId] o.s.b.t.c.SpringBootTestContextBootstrapper [main] Found @SpringBootConfiguration com.example.springbootdemo.SpringbootDemoApplication for test class com.example.springbootdemo.LogTest
getOrFindConfigurationClasses2020-09-27 17:28:51,933 INFO [mainraceId] o.s.b.t.c.SpringBootTestContextBootstrapper [main] Loaded default TestExecutionListener class names from location [META-INF/spring.factories]: [org.springframework.boot.test.mock.mockito.MockitoTestExecutionListener, org.springframework.boot.test.mock.mockito.ResetMocksTestExecutionListener, org.springframework.boot.test.autoconfigure.restdocs.RestDocsTestExecutionListener, org.springframework.boot.test.autoconfigure.web.client.MockRestServiceServerResetTestExecutionListener, org.springframework.boot.test.autoconfigure.web.servlet.MockMvcPrintOnlyOnFailureTestExecutionListener, org.springframework.boot.test.autoconfigure.web.servlet.WebDriverTestExecutionListener, org.springframework.test.context.web.ServletTestExecutionListener, org.springframework.test.context.support.DirtiesContextBeforeModesTestExecutionListener, org.springframework.test.context.support.DependencyInjectionTestExecutionListener, org.springframework.test.context.support.DirtiesContextTestExecutionListener, org.springframework.test.context.transaction.TransactionalTestExecutionListener, org.springframework.test.context.jdbc.SqlScriptsTestExecutionListener]
getDefaultTestExecutionListenerClassNames2020-09-27 17:28:51,966 INFO [mainraceId] o.s.b.t.c.SpringBootTestContextBootstrapper [main] Using TestExecutionListeners: [org.springframework.test.context.web.ServletTestExecutionListener@5fd4f8f5, org.springframework.test.context.support.DirtiesContextBeforeModesTestExecutionListener@696da30b, org.springframework.boot.test.autoconfigure.SpringBootDependencyInjectionTestExecutionListener@4e7912d8, org.springframework.test.context.support.DirtiesContextTestExecutionListener@53976f5c, org.springframework.test.context.transaction.TransactionalTestExecutionListener@2bfc268b, org.springframework.test.context.jdbc.SqlScriptsTestExecutionListener@2f8dad04, org.springframework.boot.test.autoconfigure.web.client.MockRestServiceServerResetTestExecutionListener@29e495ff, org.springframework.boot.test.autoconfigure.web.servlet.WebDriverTestExecutionListener@41e1e210, org.springframework.boot.test.autoconfigure.web.servlet.MockMvcPrintOnlyOnFailureTestExecutionListener@be35cd9, org.springframework.boot.test.mock.mockito.ResetMocksTestExecutionListener@4944252c, org.springframework.boot.test.mock.mockito.MockitoTestExecutionListener@44821a96, org.springframework.boot.test.autoconfigure.restdocs.RestDocsTestExecutionListener@a3d8174]
getTestExecutionListeners2020-09-27 17:28:52,467 WARN [mainraceId] o.s.b.t.j.DuplicateJsonObjectContextCustomizerFactory$DuplicateJsonObjectContextCustomizer [main] 

Found multiple occurrences of org.json.JSONObject on the class path:

	jar:file:/E:/maven/repository/org/json/json/20140107/json-20140107.jar!/org/json/JSONObject.class
	jar:file:/E:/maven/repository/com/vaadin/external/google/android-json/0.0.20131108.vaadin1/android-json-0.0.20131108.vaadin1.jar!/org/json/JSONObject.class

You may wish to exclude one of them to ensure predictable runtime behaviour

logDuplicateJsonObjectsWarning2020-09-27 17:28:52,491 INFO [mainraceId] c.e.s.LogTest [main] Starting LogTest on Mr-shu-of-windows with PID 11572 (started by shuwending in D:\yijiupi_code\easysale-saas\springboot-demo)
logStarting2020-09-27 17:28:52,492 INFO [mainraceId] c.e.s.LogTest [main] No active profile set, falling back to default profiles: default
logStartupProfileInfo2020-09-27 17:28:52,542 INFO [mainraceId] o.s.w.c.s.GenericWebApplicationContext [main] Refreshing org.springframework.web.context.support.GenericWebApplicationContext@135606db: startup date [Sun Sep 27 17:28:52 CST 2020]; root of context hierarchy
prepareRefresh2020-09-27 17:28:52,972 INFO [background-preinitraceId] o.h.v.i.u.Version [background-preinit] HV000001: Hibernate Validator 5.3.6.Final
<clinit>2020-09-27 17:28:54,260 INFO [mainraceId] o.s.d.r.c.RepositoryConfigurationDelegate [main] Multiple Spring Data modules found, entering strict repository configuration mode!
multipleStoresDetected2020-09-27 17:28:55,095 INFO [mainraceId] o.s.c.s.PostProcessorRegistrationDelegate$BeanPostProcessorChecker [main] Bean 'org.springframework.amqp.rabbit.annotation.RabbitBootstrapConfiguration' of type [org.springframework.amqp.rabbit.annotation.RabbitBootstrapConfiguration$$EnhancerBySpringCGLIB$$f7fb59c0] is not eligible for getting processed by all BeanPostProcessors (for example: not eligible for auto-proxying)
postProcessAfterInitialization2020-09-27 17:28:57,282 INFO [mainraceId] o.s.w.s.m.m.a.RequestMappingHandlerAdapter [main] Looking for @ControllerAdvice: org.springframework.web.context.support.GenericWebApplicationContext@135606db: startup date [Sun Sep 27 17:28:52 CST 2020]; root of context hierarchy
initControllerAdviceCache2020-09-27 17:28:57,408 INFO [mainraceId] o.s.w.s.m.m.a.RequestMappingHandlerMapping [main] Mapped "{[/rateLimiter/sayHello],methods=[GET]}" onto public java.lang.String com.example.springbootdemo.guava.controller.RateLimiterController.sayHello()
register2020-09-27 17:28:57,410 INFO [mainraceId] o.s.w.s.m.m.a.RequestMappingHandlerMapping [main] Mapped "{[/rateLimiter/sayHi],methods=[GET]}" onto public java.lang.String com.example.springbootdemo.guava.controller.RateLimiterController.sayHi()
register2020-09-27 17:28:57,414 INFO [mainraceId] o.s.w.s.m.m.a.RequestMappingHandlerMapping [main] Mapped "{[/test/test01],methods=[POST]}" onto public java.lang.String com.example.springbootdemo.scheduled.contorller.TestController.test01(com.example.springbootdemo.scheduled.bean.Temp)
register2020-09-27 17:28:57,415 INFO [mainraceId] o.s.w.s.m.m.a.RequestMappingHandlerMapping [main] Mapped "{[/test/test02],methods=[POST]}" onto public void com.example.springbootdemo.scheduled.contorller.TestController.sendTsMessage(com.alibaba.fastjson.JSONObject)
register2020-09-27 17:28:57,416 INFO [mainraceId] o.s.w.s.m.m.a.RequestMappingHandlerMapping [main] Mapped "{[/test/test03],methods=[POST]}" onto public java.lang.String com.example.springbootdemo.scheduled.contorller.TestController.test03(com.alibaba.fastjson.JSONObject)
register2020-09-27 17:28:57,420 INFO [mainraceId] o.s.w.s.m.m.a.RequestMappingHandlerMapping [main] Mapped "{[/error]}" onto public org.springframework.http.ResponseEntity<java.util.Map<java.lang.String, java.lang.Object>> org.springframework.boot.autoconfigure.web.BasicErrorController.error(javax.servlet.http.HttpServletRequest)
register2020-09-27 17:28:57,420 INFO [mainraceId] o.s.w.s.m.m.a.RequestMappingHandlerMapping [main] Mapped "{[/error],produces=[text/html]}" onto public org.springframework.web.servlet.ModelAndView org.springframework.boot.autoconfigure.web.BasicErrorController.errorHtml(javax.servlet.http.HttpServletRequest,javax.servlet.http.HttpServletResponse)
register2020-09-27 17:28:57,495 INFO [mainraceId] o.s.w.s.h.SimpleUrlHandlerMapping [main] Mapped URL path [/webjars/**] onto handler of type [class org.springframework.web.servlet.resource.ResourceHttpRequestHandler]
registerHandler2020-09-27 17:28:57,496 INFO [mainraceId] o.s.w.s.h.SimpleUrlHandlerMapping [main] Mapped URL path [/**] onto handler of type [class org.springframework.web.servlet.resource.ResourceHttpRequestHandler]
registerHandler2020-09-27 17:28:57,532 INFO [mainraceId] o.s.w.s.m.m.a.ExceptionHandlerExceptionResolver [main] Detected @ExceptionHandler methods in badRequestExceptionHandler
initExceptionHandlerAdviceCache2020-09-27 17:28:57,589 INFO [mainraceId] o.s.w.s.h.SimpleUrlHandlerMapping [main] Mapped URL path [/**/favicon.ico] onto handler of type [class org.springframework.web.servlet.resource.ResourceHttpRequestHandler]
registerHandler2020-09-27 17:28:57,807 INFO [mainraceId] c.y.f.l.LogPatternAutoConfiguration [main] Ready to read source log4j2.xml 
load2020-09-27 17:28:57,810 INFO [mainraceId] c.y.f.l.LogPatternAutoConfiguration [main] Write new config content to log4j2.xml
load2020-09-27 17:28:59,009 INFO org.springframework.context.support.DefaultLifecycleProcessor$LifecycleGroup#start [TID:N/A] [main] Starting beans in phase 2147483647
2020-09-27 17:28:59,042 INFO org.springframework.boot.StartupInfoLogger#logStarted [TID:N/A] [main] Started LogTest in 6.925 seconds (JVM running for 9.48)
2020-09-27 17:28:59,111 INFO com.example.springbootdemo.LogTest#test01 [TID:N/A] [main] 普通信息
2020-09-27 17:28:59,111 WARN com.example.springbootdemo.LogTest#test01 [TID:N/A] [main] 警告进行
2020-09-27 17:28:59,112 ERROR com.example.springbootdemo.LogTest#test01 [TID:N/A] [main] 错误信息
2020-09-27 17:28:59,120 INFO org.springframework.context.support.AbstractApplicationContext#doClose [TID:N/A] [Thread-5] Closing org.springframework.web.context.support.GenericWebApplicationContext@135606db: startup date [Sun Sep 27 17:28:52 CST 2020]; root of context hierarchy
2020-09-27 17:30:41,890 INFO [mainraceId] o.s.b.t.c.SpringBootTestContextBootstrapper [main] Neither @ContextConfiguration nor @ContextHierarchy found for test class [com.example.springbootdemo.LogTest], using SpringBootContextLoader
2020-09-27 17:30:41,902 INFO [mainraceId] o.s.t.c.s.AbstractContextLoader [main] Could not detect default resource locations for test class [com.example.springbootdemo.LogTest]: no resource found for suffixes {-context.xml, Context.groovy}.
2020-09-27 17:30:41,903 INFO [mainraceId] o.s.t.c.s.AnnotationConfigContextLoaderUtils [main] Could not detect default configuration classes for test class [com.example.springbootdemo.LogTest]: LogTest does not declare any static, non-private, non-final, nested classes annotated with @Configuration.
2020-09-27 17:30:42,061 INFO [mainraceId] o.s.b.t.c.SpringBootTestContextBootstrapper [main] Found @SpringBootConfiguration com.example.springbootdemo.SpringbootDemoApplication for test class com.example.springbootdemo.LogTest
2020-09-27 17:30:42,072 INFO [mainraceId] o.s.b.t.c.SpringBootTestContextBootstrapper [main] Loaded default TestExecutionListener class names from location [META-INF/spring.factories]: [org.springframework.boot.test.mock.mockito.MockitoTestExecutionListener, org.springframework.boot.test.mock.mockito.ResetMocksTestExecutionListener, org.springframework.boot.test.autoconfigure.restdocs.RestDocsTestExecutionListener, org.springframework.boot.test.autoconfigure.web.client.MockRestServiceServerResetTestExecutionListener, org.springframework.boot.test.autoconfigure.web.servlet.MockMvcPrintOnlyOnFailureTestExecutionListener, org.springframework.boot.test.autoconfigure.web.servlet.WebDriverTestExecutionListener, org.springframework.test.context.web.ServletTestExecutionListener, org.springframework.test.context.support.DirtiesContextBeforeModesTestExecutionListener, org.springframework.test.context.support.DependencyInjectionTestExecutionListener, org.springframework.test.context.support.DirtiesContextTestExecutionListener, org.springframework.test.context.transaction.TransactionalTestExecutionListener, org.springframework.test.context.jdbc.SqlScriptsTestExecutionListener]
2020-09-27 17:30:42,103 INFO [mainraceId] o.s.b.t.c.SpringBootTestContextBootstrapper [main] Using TestExecutionListeners: [org.springframework.test.context.web.ServletTestExecutionListener@65f095f8, org.springframework.test.context.support.DirtiesContextBeforeModesTestExecutionListener@59af0466, org.springframework.boot.test.autoconfigure.SpringBootDependencyInjectionTestExecutionListener@3e6ef8ad, org.springframework.test.context.support.DirtiesContextTestExecutionListener@346d61be, org.springframework.test.context.transaction.TransactionalTestExecutionListener@55536d9e, org.springframework.test.context.jdbc.SqlScriptsTestExecutionListener@747edf66, org.springframework.boot.test.autoconfigure.restdocs.RestDocsTestExecutionListener@3d1cfad4, org.springframework.boot.test.autoconfigure.web.client.MockRestServiceServerResetTestExecutionListener@62230c58, org.springframework.boot.test.mock.mockito.ResetMocksTestExecutionListener@2cd2a21f, org.springframework.boot.test.autoconfigure.web.servlet.MockMvcPrintOnlyOnFailureTestExecutionListener@2e55dd0c, org.springframework.boot.test.autoconfigure.web.servlet.WebDriverTestExecutionListener@74455848, org.springframework.boot.test.mock.mockito.MockitoTestExecutionListener@e7edb54]
2020-09-27 17:30:42,724 WARN [mainraceId] o.s.b.t.j.DuplicateJsonObjectContextCustomizerFactory$DuplicateJsonObjectContextCustomizer [main] 

Found multiple occurrences of org.json.JSONObject on the class path:

	jar:file:/E:/maven/repository/org/json/json/20140107/json-20140107.jar!/org/json/JSONObject.class
	jar:file:/E:/maven/repository/com/vaadin/external/google/android-json/0.0.20131108.vaadin1/android-json-0.0.20131108.vaadin1.jar!/org/json/JSONObject.class

You may wish to exclude one of them to ensure predictable runtime behaviour

2020-09-27 17:30:42,754 INFO [mainraceId] c.e.s.LogTest [main] Starting LogTest on Mr-shu-of-windows with PID 13924 (started by shuwending in D:\yijiupi_code\easysale-saas\springboot-demo)
2020-09-27 17:30:42,755 INFO [mainraceId] c.e.s.LogTest [main] No active profile set, falling back to default profiles: default
2020-09-27 17:30:42,811 INFO [mainraceId] o.s.w.c.s.GenericWebApplicationContext [main] Refreshing org.springframework.web.context.support.GenericWebApplicationContext@6986852: startup date [Sun Sep 27 17:30:42 CST 2020]; root of context hierarchy
2020-09-27 17:30:43,242 INFO [background-preinitraceId] o.h.v.i.u.Version [background-preinit] HV000001: Hibernate Validator 5.3.6.Final
2020-09-27 17:30:44,514 INFO [mainraceId] o.s.d.r.c.RepositoryConfigurationDelegate [main] Multiple Spring Data modules found, entering strict repository configuration mode!
2020-09-27 17:30:45,560 INFO [mainraceId] o.s.c.s.PostProcessorRegistrationDelegate$BeanPostProcessorChecker [main] Bean 'org.springframework.amqp.rabbit.annotation.RabbitBootstrapConfiguration' of type [org.springframework.amqp.rabbit.annotation.RabbitBootstrapConfiguration$$EnhancerBySpringCGLIB$$ca2c7fa7] is not eligible for getting processed by all BeanPostProcessors (for example: not eligible for auto-proxying)
2020-09-27 17:30:48,104 INFO [mainraceId] o.s.w.s.m.m.a.RequestMappingHandlerAdapter [main] Looking for @ControllerAdvice: org.springframework.web.context.support.GenericWebApplicationContext@6986852: startup date [Sun Sep 27 17:30:42 CST 2020]; root of context hierarchy
2020-09-27 17:30:48,212 INFO [mainraceId] o.s.w.s.m.m.a.RequestMappingHandlerMapping [main] Mapped "{[/rateLimiter/sayHello],methods=[GET]}" onto public java.lang.String com.example.springbootdemo.guava.controller.RateLimiterController.sayHello()
2020-09-27 17:30:48,214 INFO [mainraceId] o.s.w.s.m.m.a.RequestMappingHandlerMapping [main] Mapped "{[/rateLimiter/sayHi],methods=[GET]}" onto public java.lang.String com.example.springbootdemo.guava.controller.RateLimiterController.sayHi()
2020-09-27 17:30:48,217 INFO [mainraceId] o.s.w.s.m.m.a.RequestMappingHandlerMapping [main] Mapped "{[/test/test01],methods=[POST]}" onto public java.lang.String com.example.springbootdemo.scheduled.contorller.TestController.test01(com.example.springbootdemo.scheduled.bean.Temp)
2020-09-27 17:30:48,217 INFO [mainraceId] o.s.w.s.m.m.a.RequestMappingHandlerMapping [main] Mapped "{[/test/test03],methods=[POST]}" onto public java.lang.String com.example.springbootdemo.scheduled.contorller.TestController.test03(com.alibaba.fastjson.JSONObject)
2020-09-27 17:30:48,218 INFO [mainraceId] o.s.w.s.m.m.a.RequestMappingHandlerMapping [main] Mapped "{[/test/test02],methods=[POST]}" onto public void com.example.springbootdemo.scheduled.contorller.TestController.sendTsMessage(com.alibaba.fastjson.JSONObject)
2020-09-27 17:30:48,220 INFO [mainraceId] o.s.w.s.m.m.a.RequestMappingHandlerMapping [main] Mapped "{[/error]}" onto public org.springframework.http.ResponseEntity<java.util.Map<java.lang.String, java.lang.Object>> org.springframework.boot.autoconfigure.web.BasicErrorController.error(javax.servlet.http.HttpServletRequest)
2020-09-27 17:30:48,221 INFO [mainraceId] o.s.w.s.m.m.a.RequestMappingHandlerMapping [main] Mapped "{[/error],produces=[text/html]}" onto public org.springframework.web.servlet.ModelAndView org.springframework.boot.autoconfigure.web.BasicErrorController.errorHtml(javax.servlet.http.HttpServletRequest,javax.servlet.http.HttpServletResponse)
2020-09-27 17:30:48,279 INFO [mainraceId] o.s.w.s.h.SimpleUrlHandlerMapping [main] Mapped URL path [/webjars/**] onto handler of type [class org.springframework.web.servlet.resource.ResourceHttpRequestHandler]
2020-09-27 17:30:48,279 INFO [mainraceId] o.s.w.s.h.SimpleUrlHandlerMapping [main] Mapped URL path [/**] onto handler of type [class org.springframework.web.servlet.resource.ResourceHttpRequestHandler]
2020-09-27 17:30:48,306 INFO [mainraceId] o.s.w.s.m.m.a.ExceptionHandlerExceptionResolver [main] Detected @ExceptionHandler methods in badRequestExceptionHandler
2020-09-27 17:30:48,354 INFO [mainraceId] o.s.w.s.h.SimpleUrlHandlerMapping [main] Mapped URL path [/**/favicon.ico] onto handler of type [class org.springframework.web.servlet.resource.ResourceHttpRequestHandler]
2020-09-27 17:30:48,571 INFO [mainraceId] c.y.f.l.LogPatternAutoConfiguration [main] Ready to read source log4j2.xml 
2020-09-27 17:30:48,572 INFO [mainraceId] c.y.f.l.LogPatternAutoConfiguration [main] Write new config content to log4j2.xml
2020-09-27 17:30:49,714 INFO org.springframework.context.support.DefaultLifecycleProcessor$LifecycleGroup#start [TID:N/A] [main] Starting beans in phase 2147483647
2020-09-27 17:30:49,740 INFO org.springframework.boot.StartupInfoLogger#logStarted [TID:N/A] [main] Started LogTest in 7.459 seconds (JVM running for 9.236)
2020-09-27 17:30:49,803 INFO com.example.springbootdemo.LogTest#test01 [TID:N/A] [main] 普通信息
2020-09-27 17:30:49,803 WARN com.example.springbootdemo.LogTest#test01 [TID:N/A] [main] 警告进行
2020-09-27 17:30:49,804 ERROR com.example.springbootdemo.LogTest#test01 [TID:N/A] [main] 错误信息
2020-09-27 17:30:49,810 INFO org.springframework.context.support.AbstractApplicationContext#doClose [TID:N/A] [Thread-5] Closing org.springframework.web.context.support.GenericWebApplicationContext@6986852: startup date [Sun Sep 27 17:30:42 CST 2020]; root of context hierarchy
2020-09-27 17:31:32,132 INFO [mainraceId] o.s.b.t.c.SpringBootTestContextBootstrapper [main] Neither @ContextConfiguration nor @ContextHierarchy found for test class [com.example.springbootdemo.LogTest], using SpringBootContextLoader
2020-09-27 17:31:32,144 INFO [mainraceId] o.s.t.c.s.AbstractContextLoader [main] Could not detect default resource locations for test class [com.example.springbootdemo.LogTest]: no resource found for suffixes {-context.xml, Context.groovy}.
2020-09-27 17:31:32,146 INFO [mainraceId] o.s.t.c.s.AnnotationConfigContextLoaderUtils [main] Could not detect default configuration classes for test class [com.example.springbootdemo.LogTest]: LogTest does not declare any static, non-private, non-final, nested classes annotated with @Configuration.
2020-09-27 17:31:32,300 INFO [mainraceId] o.s.b.t.c.SpringBootTestContextBootstrapper [main] Found @SpringBootConfiguration com.example.springbootdemo.SpringbootDemoApplication for test class com.example.springbootdemo.LogTest
2020-09-27 17:31:32,311 INFO [mainraceId] o.s.b.t.c.SpringBootTestContextBootstrapper [main] Loaded default TestExecutionListener class names from location [META-INF/spring.factories]: [org.springframework.boot.test.mock.mockito.MockitoTestExecutionListener, org.springframework.boot.test.mock.mockito.ResetMocksTestExecutionListener, org.springframework.boot.test.autoconfigure.restdocs.RestDocsTestExecutionListener, org.springframework.boot.test.autoconfigure.web.client.MockRestServiceServerResetTestExecutionListener, org.springframework.boot.test.autoconfigure.web.servlet.MockMvcPrintOnlyOnFailureTestExecutionListener, org.springframework.boot.test.autoconfigure.web.servlet.WebDriverTestExecutionListener, org.springframework.test.context.web.ServletTestExecutionListener, org.springframework.test.context.support.DirtiesContextBeforeModesTestExecutionListener, org.springframework.test.context.support.DependencyInjectionTestExecutionListener, org.springframework.test.context.support.DirtiesContextTestExecutionListener, org.springframework.test.context.transaction.TransactionalTestExecutionListener, org.springframework.test.context.jdbc.SqlScriptsTestExecutionListener]
2020-09-27 17:31:32,342 INFO [mainraceId] o.s.b.t.c.SpringBootTestContextBootstrapper [main] Using TestExecutionListeners: [org.springframework.test.context.web.ServletTestExecutionListener@3a6bb9bf, org.springframework.test.context.support.DirtiesContextBeforeModesTestExecutionListener@34f7cfd9, org.springframework.boot.test.autoconfigure.SpringBootDependencyInjectionTestExecutionListener@65f095f8, org.springframework.test.context.support.DirtiesContextTestExecutionListener@59af0466, org.springframework.test.context.transaction.TransactionalTestExecutionListener@3e6ef8ad, org.springframework.test.context.jdbc.SqlScriptsTestExecutionListener@346d61be, org.springframework.boot.test.autoconfigure.web.client.MockRestServiceServerResetTestExecutionListener@55536d9e, org.springframework.boot.test.autoconfigure.web.servlet.MockMvcPrintOnlyOnFailureTestExecutionListener@747edf66, org.springframework.boot.test.autoconfigure.restdocs.RestDocsTestExecutionListener@3d1cfad4, org.springframework.boot.test.autoconfigure.web.servlet.WebDriverTestExecutionListener@62230c58, org.springframework.boot.test.mock.mockito.MockitoTestExecutionListener@2cd2a21f, org.springframework.boot.test.mock.mockito.ResetMocksTestExecutionListener@2e55dd0c]
2020-09-27 17:31:32,979 WARN [mainraceId] o.s.b.t.j.DuplicateJsonObjectContextCustomizerFactory$DuplicateJsonObjectContextCustomizer [main] 

Found multiple occurrences of org.json.JSONObject on the class path:

	jar:file:/E:/maven/repository/org/json/json/20140107/json-20140107.jar!/org/json/JSONObject.class
	jar:file:/E:/maven/repository/com/vaadin/external/google/android-json/0.0.20131108.vaadin1/android-json-0.0.20131108.vaadin1.jar!/org/json/JSONObject.class

You may wish to exclude one of them to ensure predictable runtime behaviour

2020-09-27 17:31:33,003 INFO [mainraceId] c.e.s.LogTest [main] Starting LogTest on Mr-shu-of-windows with PID 3460 (started by shuwending in D:\yijiupi_code\easysale-saas\springboot-demo)
2020-09-27 17:31:33,003 INFO [mainraceId] c.e.s.LogTest [main] No active profile set, falling back to default profiles: default
2020-09-27 17:31:33,073 INFO [mainraceId] o.s.w.c.s.GenericWebApplicationContext [main] Refreshing org.springframework.web.context.support.GenericWebApplicationContext@1e81f160: startup date [Sun Sep 27 17:31:33 CST 2020]; root of context hierarchy
2020-09-27 17:31:33,498 INFO [background-preinitraceId] o.h.v.i.u.Version [background-preinit] HV000001: Hibernate Validator 5.3.6.Final
2020-09-27 17:31:34,854 INFO [mainraceId] o.s.d.r.c.RepositoryConfigurationDelegate [main] Multiple Spring Data modules found, entering strict repository configuration mode!
2020-09-27 17:31:35,706 INFO [mainraceId] o.s.c.s.PostProcessorRegistrationDelegate$BeanPostProcessorChecker [main] Bean 'org.springframework.amqp.rabbit.annotation.RabbitBootstrapConfiguration' of type [org.springframework.amqp.rabbit.annotation.RabbitBootstrapConfiguration$$EnhancerBySpringCGLIB$$d6524b72] is not eligible for getting processed by all BeanPostProcessors (for example: not eligible for auto-proxying)
2020-09-27 17:31:38,069 INFO [mainraceId] o.s.w.s.m.m.a.RequestMappingHandlerAdapter [main] Looking for @ControllerAdvice: org.springframework.web.context.support.GenericWebApplicationContext@1e81f160: startup date [Sun Sep 27 17:31:33 CST 2020]; root of context hierarchy
2020-09-27 17:31:38,190 INFO [mainraceId] o.s.w.s.m.m.a.RequestMappingHandlerMapping [main] Mapped "{[/rateLimiter/sayHello],methods=[GET]}" onto public java.lang.String com.example.springbootdemo.guava.controller.RateLimiterController.sayHello()
2020-09-27 17:31:38,191 INFO [mainraceId] o.s.w.s.m.m.a.RequestMappingHandlerMapping [main] Mapped "{[/rateLimiter/sayHi],methods=[GET]}" onto public java.lang.String com.example.springbootdemo.guava.controller.RateLimiterController.sayHi()
2020-09-27 17:31:38,196 INFO [mainraceId] o.s.w.s.m.m.a.RequestMappingHandlerMapping [main] Mapped "{[/test/test01],methods=[POST]}" onto public java.lang.String com.example.springbootdemo.scheduled.contorller.TestController.test01(com.example.springbootdemo.scheduled.bean.Temp)
2020-09-27 17:31:38,197 INFO [mainraceId] o.s.w.s.m.m.a.RequestMappingHandlerMapping [main] Mapped "{[/test/test03],methods=[POST]}" onto public java.lang.String com.example.springbootdemo.scheduled.contorller.TestController.test03(com.alibaba.fastjson.JSONObject)
2020-09-27 17:31:38,197 INFO [mainraceId] o.s.w.s.m.m.a.RequestMappingHandlerMapping [main] Mapped "{[/test/test02],methods=[POST]}" onto public void com.example.springbootdemo.scheduled.contorller.TestController.sendTsMessage(com.alibaba.fastjson.JSONObject)
2020-09-27 17:31:38,200 INFO [mainraceId] o.s.w.s.m.m.a.RequestMappingHandlerMapping [main] Mapped "{[/error]}" onto public org.springframework.http.ResponseEntity<java.util.Map<java.lang.String, java.lang.Object>> org.springframework.boot.autoconfigure.web.BasicErrorController.error(javax.servlet.http.HttpServletRequest)
2020-09-27 17:31:38,200 INFO [mainraceId] o.s.w.s.m.m.a.RequestMappingHandlerMapping [main] Mapped "{[/error],produces=[text/html]}" onto public org.springframework.web.servlet.ModelAndView org.springframework.boot.autoconfigure.web.BasicErrorController.errorHtml(javax.servlet.http.HttpServletRequest,javax.servlet.http.HttpServletResponse)
2020-09-27 17:31:38,261 INFO [mainraceId] o.s.w.s.h.SimpleUrlHandlerMapping [main] Mapped URL path [/webjars/**] onto handler of type [class org.springframework.web.servlet.resource.ResourceHttpRequestHandler]
2020-09-27 17:31:38,261 INFO [mainraceId] o.s.w.s.h.SimpleUrlHandlerMapping [main] Mapped URL path [/**] onto handler of type [class org.springframework.web.servlet.resource.ResourceHttpRequestHandler]
2020-09-27 17:31:38,289 INFO [mainraceId] o.s.w.s.m.m.a.ExceptionHandlerExceptionResolver [main] Detected @ExceptionHandler methods in badRequestExceptionHandler
2020-09-27 17:31:38,341 INFO [mainraceId] o.s.w.s.h.SimpleUrlHandlerMapping [main] Mapped URL path [/**/favicon.ico] onto handler of type [class org.springframework.web.servlet.resource.ResourceHttpRequestHandler]
2020-09-27 17:31:38,545 INFO [mainraceId] c.y.f.l.LogPatternAutoConfiguration [main] Ready to read source log4j2.xml 
2020-09-27 17:31:38,546 INFO [mainraceId] c.y.f.l.LogPatternAutoConfiguration [main] Write new config content to log4j2.xml
2020-09-27 17:31:39,652 INFO org.springframework.context.support.DefaultLifecycleProcessor$LifecycleGroup#start [TID:N/A] [main] Starting beans in phase 2147483647
2020-09-27 17:31:39,681 INFO org.springframework.boot.StartupInfoLogger#logStarted [TID:N/A] [main] Started LogTest in 7.169 seconds (JVM running for 8.909)
2020-09-27 17:31:39,746 INFO com.example.springbootdemo.LogTest#test01 [TID:N/A] [main] 普通信息
2020-09-27 17:31:39,747 WARN com.example.springbootdemo.LogTest#test01 [TID:N/A] [main] 警告进行
2020-09-27 17:31:39,747 ERROR com.example.springbootdemo.LogTest#test01 [TID:N/A] [main] 错误信息
2020-09-27 17:31:39,755 INFO org.springframework.context.support.AbstractApplicationContext#doClose [TID:N/A] [Thread-5] Closing org.springframework.web.context.support.GenericWebApplicationContext@1e81f160: startup date [Sun Sep 27 17:31:33 CST 2020]; root of context hierarchy
2020-09-27 17:33:02,289 INFO [mainraceId] o.s.b.t.c.SpringBootTestContextBootstrapper [main] Neither @ContextConfiguration nor @ContextHierarchy found for test class [com.example.springbootdemo.LogTest], using SpringBootContextLoader
2020-09-27 17:33:02,304 INFO [mainraceId] o.s.t.c.s.AbstractContextLoader [main] Could not detect default resource locations for test class [com.example.springbootdemo.LogTest]: no resource found for suffixes {-context.xml, Context.groovy}.
2020-09-27 17:33:02,305 INFO [mainraceId] o.s.t.c.s.AnnotationConfigContextLoaderUtils [main] Could not detect default configuration classes for test class [com.example.springbootdemo.LogTest]: LogTest does not declare any static, non-private, non-final, nested classes annotated with @Configuration.
2020-09-27 17:33:02,466 INFO [mainraceId] o.s.b.t.c.SpringBootTestContextBootstrapper [main] Found @SpringBootConfiguration com.example.springbootdemo.SpringbootDemoApplication for test class com.example.springbootdemo.LogTest
2020-09-27 17:33:02,479 INFO [mainraceId] o.s.b.t.c.SpringBootTestContextBootstrapper [main] Loaded default TestExecutionListener class names from location [META-INF/spring.factories]: [org.springframework.boot.test.mock.mockito.MockitoTestExecutionListener, org.springframework.boot.test.mock.mockito.ResetMocksTestExecutionListener, org.springframework.boot.test.autoconfigure.restdocs.RestDocsTestExecutionListener, org.springframework.boot.test.autoconfigure.web.client.MockRestServiceServerResetTestExecutionListener, org.springframework.boot.test.autoconfigure.web.servlet.MockMvcPrintOnlyOnFailureTestExecutionListener, org.springframework.boot.test.autoconfigure.web.servlet.WebDriverTestExecutionListener, org.springframework.test.context.web.ServletTestExecutionListener, org.springframework.test.context.support.DirtiesContextBeforeModesTestExecutionListener, org.springframework.test.context.support.DependencyInjectionTestExecutionListener, org.springframework.test.context.support.DirtiesContextTestExecutionListener, org.springframework.test.context.transaction.TransactionalTestExecutionListener, org.springframework.test.context.jdbc.SqlScriptsTestExecutionListener]
2020-09-27 17:33:02,512 INFO [mainraceId] o.s.b.t.c.SpringBootTestContextBootstrapper [main] Using TestExecutionListeners: [org.springframework.test.context.web.ServletTestExecutionListener@2cd2a21f, org.springframework.test.context.support.DirtiesContextBeforeModesTestExecutionListener@2e55dd0c, org.springframework.boot.test.autoconfigure.SpringBootDependencyInjectionTestExecutionListener@74455848, org.springframework.test.context.support.DirtiesContextTestExecutionListener@e7edb54, org.springframework.test.context.transaction.TransactionalTestExecutionListener@378542de, org.springframework.test.context.jdbc.SqlScriptsTestExecutionListener@3738449f, org.springframework.boot.test.autoconfigure.web.servlet.WebDriverTestExecutionListener@69e1dd28, org.springframework.boot.test.autoconfigure.web.servlet.MockMvcPrintOnlyOnFailureTestExecutionListener@11bd0f3b, org.springframework.boot.test.mock.mockito.ResetMocksTestExecutionListener@c333c60, org.springframework.boot.test.mock.mockito.MockitoTestExecutionListener@79da8dc5, org.springframework.boot.test.autoconfigure.restdocs.RestDocsTestExecutionListener@1eb5174b, org.springframework.boot.test.autoconfigure.web.client.MockRestServiceServerResetTestExecutionListener@67080771]
2020-09-27 17:33:03,146 WARN [mainraceId] o.s.b.t.j.DuplicateJsonObjectContextCustomizerFactory$DuplicateJsonObjectContextCustomizer [main] 

Found multiple occurrences of org.json.JSONObject on the class path:

	jar:file:/E:/maven/repository/org/json/json/20140107/json-20140107.jar!/org/json/JSONObject.class
	jar:file:/E:/maven/repository/com/vaadin/external/google/android-json/0.0.20131108.vaadin1/android-json-0.0.20131108.vaadin1.jar!/org/json/JSONObject.class

You may wish to exclude one of them to ensure predictable runtime behaviour

2020-09-27 17:33:03,179 INFO [mainraceId] c.e.s.LogTest [main] Starting LogTest on Mr-shu-of-windows with PID 8740 (started by shuwending in D:\yijiupi_code\easysale-saas\springboot-demo)
2020-09-27 17:33:03,179 INFO [mainraceId] c.e.s.LogTest [main] No active profile set, falling back to default profiles: default
2020-09-27 17:33:03,248 INFO [mainraceId] o.s.w.c.s.GenericWebApplicationContext [main] Refreshing org.springframework.web.context.support.GenericWebApplicationContext@59d4cd39: startup date [Sun Sep 27 17:33:03 CST 2020]; root of context hierarchy
2020-09-27 17:33:03,666 INFO [background-preinitraceId] o.h.v.i.u.Version [background-preinit] HV000001: Hibernate Validator 5.3.6.Final
2020-09-27 17:33:05,112 INFO [mainraceId] o.s.d.r.c.RepositoryConfigurationDelegate [main] Multiple Spring Data modules found, entering strict repository configuration mode!
2020-09-27 17:33:06,188 INFO [mainraceId] o.s.c.s.PostProcessorRegistrationDelegate$BeanPostProcessorChecker [main] Bean 'org.springframework.amqp.rabbit.annotation.RabbitBootstrapConfiguration' of type [org.springframework.amqp.rabbit.annotation.RabbitBootstrapConfiguration$$EnhancerBySpringCGLIB$$10a64dad] is not eligible for getting processed by all BeanPostProcessors (for example: not eligible for auto-proxying)
2020-09-27 17:33:08,852 INFO [mainraceId] o.s.w.s.m.m.a.RequestMappingHandlerAdapter [main] Looking for @ControllerAdvice: org.springframework.web.context.support.GenericWebApplicationContext@59d4cd39: startup date [Sun Sep 27 17:33:03 CST 2020]; root of context hierarchy
2020-09-27 17:33:08,963 INFO [mainraceId] o.s.w.s.m.m.a.RequestMappingHandlerMapping [main] Mapped "{[/rateLimiter/sayHello],methods=[GET]}" onto public java.lang.String com.example.springbootdemo.guava.controller.RateLimiterController.sayHello()
2020-09-27 17:33:08,964 INFO [mainraceId] o.s.w.s.m.m.a.RequestMappingHandlerMapping [main] Mapped "{[/rateLimiter/sayHi],methods=[GET]}" onto public java.lang.String com.example.springbootdemo.guava.controller.RateLimiterController.sayHi()
2020-09-27 17:33:08,968 INFO [mainraceId] o.s.w.s.m.m.a.RequestMappingHandlerMapping [main] Mapped "{[/test/test01],methods=[POST]}" onto public java.lang.String com.example.springbootdemo.scheduled.contorller.TestController.test01(com.example.springbootdemo.scheduled.bean.Temp)
2020-09-27 17:33:08,968 INFO [mainraceId] o.s.w.s.m.m.a.RequestMappingHandlerMapping [main] Mapped "{[/test/test03],methods=[POST]}" onto public java.lang.String com.example.springbootdemo.scheduled.contorller.TestController.test03(com.alibaba.fastjson.JSONObject)
2020-09-27 17:33:08,969 INFO [mainraceId] o.s.w.s.m.m.a.RequestMappingHandlerMapping [main] Mapped "{[/test/test02],methods=[POST]}" onto public void com.example.springbootdemo.scheduled.contorller.TestController.sendTsMessage(com.alibaba.fastjson.JSONObject)
2020-09-27 17:33:08,972 INFO [mainraceId] o.s.w.s.m.m.a.RequestMappingHandlerMapping [main] Mapped "{[/error]}" onto public org.springframework.http.ResponseEntity<java.util.Map<java.lang.String, java.lang.Object>> org.springframework.boot.autoconfigure.web.BasicErrorController.error(javax.servlet.http.HttpServletRequest)
2020-09-27 17:33:08,972 INFO [mainraceId] o.s.w.s.m.m.a.RequestMappingHandlerMapping [main] Mapped "{[/error],produces=[text/html]}" onto public org.springframework.web.servlet.ModelAndView org.springframework.boot.autoconfigure.web.BasicErrorController.errorHtml(javax.servlet.http.HttpServletRequest,javax.servlet.http.HttpServletResponse)
2020-09-27 17:33:09,027 INFO [mainraceId] o.s.w.s.h.SimpleUrlHandlerMapping [main] Mapped URL path [/webjars/**] onto handler of type [class org.springframework.web.servlet.resource.ResourceHttpRequestHandler]
2020-09-27 17:33:09,028 INFO [mainraceId] o.s.w.s.h.SimpleUrlHandlerMapping [main] Mapped URL path [/**] onto handler of type [class org.springframework.web.servlet.resource.ResourceHttpRequestHandler]
2020-09-27 17:33:09,058 INFO [mainraceId] o.s.w.s.m.m.a.ExceptionHandlerExceptionResolver [main] Detected @ExceptionHandler methods in badRequestExceptionHandler
2020-09-27 17:33:09,113 INFO [mainraceId] o.s.w.s.h.SimpleUrlHandlerMapping [main] Mapped URL path [/**/favicon.ico] onto handler of type [class org.springframework.web.servlet.resource.ResourceHttpRequestHandler]
2020-09-27 17:33:09,358 INFO [mainraceId] c.y.f.l.LogPatternAutoConfiguration [main] Ready to read source log4j2.xml 
2020-09-27 17:33:09,360 INFO [mainraceId] c.y.f.l.LogPatternAutoConfiguration [main] Write new config content to log4j2.xml
2020-09-27 17:33:10,447 INFO [mainraceId] o.s.c.s.DefaultLifecycleProcessor [main] Starting beans in phase 2147483647
2020-09-27 17:33:10,474 INFO [mainraceId] c.e.s.LogTest [main] Started LogTest in 7.809 seconds (JVM running for 9.551)
2020-09-27 17:33:10,538 INFO [mainraceId] c.e.s.LogTest [main] 普通信息
2020-09-27 17:33:10,538 WARN [mainraceId] c.e.s.LogTest [main] 警告进行
2020-09-27 17:33:10,538 ERROR [mainraceId] c.e.s.LogTest [main] 错误信息
2020-09-27 17:33:10,545 INFO [Thread-5raceId] o.s.w.c.s.GenericWebApplicationContext [Thread-5] Closing org.springframework.web.context.support.GenericWebApplicationContext@59d4cd39: startup date [Sun Sep 27 17:33:03 CST 2020]; root of context hierarchy
2020-09-27 17:35:20,848 INFO [mainraceId] o.s.b.t.c.SpringBootTestContextBootstrapper [main] Neither @ContextConfiguration nor @ContextHierarchy found for test class [com.example.springbootdemo.LogTest], using SpringBootContextLoader
2020-09-27 17:35:20,860 INFO [mainraceId] o.s.t.c.s.AbstractContextLoader [main] Could not detect default resource locations for test class [com.example.springbootdemo.LogTest]: no resource found for suffixes {-context.xml, Context.groovy}.
2020-09-27 17:35:20,862 INFO [mainraceId] o.s.t.c.s.AnnotationConfigContextLoaderUtils [main] Could not detect default configuration classes for test class [com.example.springbootdemo.LogTest]: LogTest does not declare any static, non-private, non-final, nested classes annotated with @Configuration.
2020-09-27 17:35:21,023 INFO [mainraceId] o.s.b.t.c.SpringBootTestContextBootstrapper [main] Found @SpringBootConfiguration com.example.springbootdemo.SpringbootDemoApplication for test class com.example.springbootdemo.LogTest
2020-09-27 17:35:21,036 INFO [mainraceId] o.s.b.t.c.SpringBootTestContextBootstrapper [main] Loaded default TestExecutionListener class names from location [META-INF/spring.factories]: [org.springframework.boot.test.mock.mockito.MockitoTestExecutionListener, org.springframework.boot.test.mock.mockito.ResetMocksTestExecutionListener, org.springframework.boot.test.autoconfigure.restdocs.RestDocsTestExecutionListener, org.springframework.boot.test.autoconfigure.web.client.MockRestServiceServerResetTestExecutionListener, org.springframework.boot.test.autoconfigure.web.servlet.MockMvcPrintOnlyOnFailureTestExecutionListener, org.springframework.boot.test.autoconfigure.web.servlet.WebDriverTestExecutionListener, org.springframework.test.context.web.ServletTestExecutionListener, org.springframework.test.context.support.DirtiesContextBeforeModesTestExecutionListener, org.springframework.test.context.support.DependencyInjectionTestExecutionListener, org.springframework.test.context.support.DirtiesContextTestExecutionListener, org.springframework.test.context.transaction.TransactionalTestExecutionListener, org.springframework.test.context.jdbc.SqlScriptsTestExecutionListener]
2020-09-27 17:35:21,076 INFO [mainraceId] o.s.b.t.c.SpringBootTestContextBootstrapper [main] Using TestExecutionListeners: [org.springframework.test.context.web.ServletTestExecutionListener@74455848, org.springframework.test.context.support.DirtiesContextBeforeModesTestExecutionListener@e7edb54, org.springframework.boot.test.autoconfigure.SpringBootDependencyInjectionTestExecutionListener@378542de, org.springframework.test.context.support.DirtiesContextTestExecutionListener@3738449f, org.springframework.test.context.transaction.TransactionalTestExecutionListener@69e1dd28, org.springframework.test.context.jdbc.SqlScriptsTestExecutionListener@11bd0f3b, org.springframework.boot.test.mock.mockito.MockitoTestExecutionListener@c333c60, org.springframework.boot.test.autoconfigure.web.servlet.WebDriverTestExecutionListener@79da8dc5, org.springframework.boot.test.mock.mockito.ResetMocksTestExecutionListener@1eb5174b, org.springframework.boot.test.autoconfigure.web.client.MockRestServiceServerResetTestExecutionListener@67080771, org.springframework.boot.test.autoconfigure.restdocs.RestDocsTestExecutionListener@72cde7cc, org.springframework.boot.test.autoconfigure.web.servlet.MockMvcPrintOnlyOnFailureTestExecutionListener@5fd4f8f5]
2020-09-27 17:35:21,735 WARN [mainraceId] o.s.b.t.j.DuplicateJsonObjectContextCustomizerFactory$DuplicateJsonObjectContextCustomizer [main] 

Found multiple occurrences of org.json.JSONObject on the class path:

	jar:file:/E:/maven/repository/org/json/json/20140107/json-20140107.jar!/org/json/JSONObject.class
	jar:file:/E:/maven/repository/com/vaadin/external/google/android-json/0.0.20131108.vaadin1/android-json-0.0.20131108.vaadin1.jar!/org/json/JSONObject.class

You may wish to exclude one of them to ensure predictable runtime behaviour

2020-09-27 17:35:21,766 INFO [mainraceId] c.e.s.LogTest [main] Starting LogTest on Mr-shu-of-windows with PID 5084 (started by shuwending in D:\yijiupi_code\easysale-saas\springboot-demo)
2020-09-27 17:35:21,767 INFO [mainraceId] c.e.s.LogTest [main] No active profile set, falling back to default profiles: default
2020-09-27 17:35:21,833 INFO [mainraceId] o.s.w.c.s.GenericWebApplicationContext [main] Refreshing org.springframework.web.context.support.GenericWebApplicationContext@3fc79729: startup date [Sun Sep 27 17:35:21 CST 2020]; root of context hierarchy
2020-09-27 17:35:22,335 INFO [background-preinitraceId] o.h.v.i.u.Version [background-preinit] HV000001: Hibernate Validator 5.3.6.Final
2020-09-27 17:35:23,581 INFO [mainraceId] o.s.d.r.c.RepositoryConfigurationDelegate [main] Multiple Spring Data modules found, entering strict repository configuration mode!
2020-09-27 17:35:24,636 INFO [mainraceId] o.s.c.s.PostProcessorRegistrationDelegate$BeanPostProcessorChecker [main] Bean 'org.springframework.amqp.rabbit.annotation.RabbitBootstrapConfiguration' of type [org.springframework.amqp.rabbit.annotation.RabbitBootstrapConfiguration$$EnhancerBySpringCGLIB$$ec8f7425] is not eligible for getting processed by all BeanPostProcessors (for example: not eligible for auto-proxying)
2020-09-27 17:35:27,048 INFO [mainraceId] o.s.w.s.m.m.a.RequestMappingHandlerAdapter [main] Looking for @ControllerAdvice: org.springframework.web.context.support.GenericWebApplicationContext@3fc79729: startup date [Sun Sep 27 17:35:21 CST 2020]; root of context hierarchy
2020-09-27 17:35:27,172 INFO [mainraceId] o.s.w.s.m.m.a.RequestMappingHandlerMapping [main] Mapped "{[/rateLimiter/sayHi],methods=[GET]}" onto public java.lang.String com.example.springbootdemo.guava.controller.RateLimiterController.sayHi()
2020-09-27 17:35:27,173 INFO [mainraceId] o.s.w.s.m.m.a.RequestMappingHandlerMapping [main] Mapped "{[/rateLimiter/sayHello],methods=[GET]}" onto public java.lang.String com.example.springbootdemo.guava.controller.RateLimiterController.sayHello()
2020-09-27 17:35:27,177 INFO [mainraceId] o.s.w.s.m.m.a.RequestMappingHandlerMapping [main] Mapped "{[/test/test01],methods=[POST]}" onto public java.lang.String com.example.springbootdemo.scheduled.contorller.TestController.test01(com.example.springbootdemo.scheduled.bean.Temp)
2020-09-27 17:35:27,178 INFO [mainraceId] o.s.w.s.m.m.a.RequestMappingHandlerMapping [main] Mapped "{[/test/test02],methods=[POST]}" onto public void com.example.springbootdemo.scheduled.contorller.TestController.sendTsMessage(com.alibaba.fastjson.JSONObject)
2020-09-27 17:35:27,179 INFO [mainraceId] o.s.w.s.m.m.a.RequestMappingHandlerMapping [main] Mapped "{[/test/test03],methods=[POST]}" onto public java.lang.String com.example.springbootdemo.scheduled.contorller.TestController.test03(com.alibaba.fastjson.JSONObject)
2020-09-27 17:35:27,182 INFO [mainraceId] o.s.w.s.m.m.a.RequestMappingHandlerMapping [main] Mapped "{[/error]}" onto public org.springframework.http.ResponseEntity<java.util.Map<java.lang.String, java.lang.Object>> org.springframework.boot.autoconfigure.web.BasicErrorController.error(javax.servlet.http.HttpServletRequest)
2020-09-27 17:35:27,183 INFO [mainraceId] o.s.w.s.m.m.a.RequestMappingHandlerMapping [main] Mapped "{[/error],produces=[text/html]}" onto public org.springframework.web.servlet.ModelAndView org.springframework.boot.autoconfigure.web.BasicErrorController.errorHtml(javax.servlet.http.HttpServletRequest,javax.servlet.http.HttpServletResponse)
2020-09-27 17:35:27,340 INFO [mainraceId] o.s.w.s.h.SimpleUrlHandlerMapping [main] Mapped URL path [/webjars/**] onto handler of type [class org.springframework.web.servlet.resource.ResourceHttpRequestHandler]
2020-09-27 17:35:27,341 INFO [mainraceId] o.s.w.s.h.SimpleUrlHandlerMapping [main] Mapped URL path [/**] onto handler of type [class org.springframework.web.servlet.resource.ResourceHttpRequestHandler]
2020-09-27 17:35:27,378 INFO [mainraceId] o.s.w.s.m.m.a.ExceptionHandlerExceptionResolver [main] Detected @ExceptionHandler methods in badRequestExceptionHandler
2020-09-27 17:35:27,427 INFO [mainraceId] o.s.w.s.h.SimpleUrlHandlerMapping [main] Mapped URL path [/**/favicon.ico] onto handler of type [class org.springframework.web.servlet.resource.ResourceHttpRequestHandler]
2020-09-27 17:35:27,683 INFO [mainraceId] c.y.f.l.LogPatternAutoConfiguration [main] Ready to read source log4j2.xml 
2020-09-27 17:35:27,684 INFO [mainraceId] c.y.f.l.LogPatternAutoConfiguration [main] Write new config content to log4j2.xml
2020-09-27 17:35:28,839 INFO [mainraceId] o.s.c.s.DefaultLifecycleProcessor [main] Starting beans in phase 2147483647
2020-09-27 17:35:28,864 INFO [mainraceId] c.e.s.LogTest [main] Started LogTest in 7.6 seconds (JVM running for 9.437)
2020-09-27 17:35:28,928 INFO [mainraceId] c.e.s.LogTest [main] 普通信息
2020-09-27 17:35:28,929 WARN [mainraceId] c.e.s.LogTest [main] 警告进行
2020-09-27 17:35:28,929 ERROR [mainraceId] c.e.s.LogTest [main] 错误信息
2020-09-27 17:35:28,936 INFO [Thread-5raceId] o.s.w.c.s.GenericWebApplicationContext [Thread-5] Closing org.springframework.web.context.support.GenericWebApplicationContext@3fc79729: startup date [Sun Sep 27 17:35:21 CST 2020]; root of context hierarchy
2020-09-27 17:36:03,249 INFO [mainraceId] o.s.b.t.c.SpringBootTestContextBootstrapper [main] Neither @ContextConfiguration nor @ContextHierarchy found for test class [com.example.springbootdemo.LogTest], using SpringBootContextLoader
2020-09-27 17:36:03,262 INFO [mainraceId] o.s.t.c.s.AbstractContextLoader [main] Could not detect default resource locations for test class [com.example.springbootdemo.LogTest]: no resource found for suffixes {-context.xml, Context.groovy}.
2020-09-27 17:36:03,264 INFO [mainraceId] o.s.t.c.s.AnnotationConfigContextLoaderUtils [main] Could not detect default configuration classes for test class [com.example.springbootdemo.LogTest]: LogTest does not declare any static, non-private, non-final, nested classes annotated with @Configuration.
2020-09-27 17:36:03,428 INFO [mainraceId] o.s.b.t.c.SpringBootTestContextBootstrapper [main] Found @SpringBootConfiguration com.example.springbootdemo.SpringbootDemoApplication for test class com.example.springbootdemo.LogTest
2020-09-27 17:36:03,440 INFO [mainraceId] o.s.b.t.c.SpringBootTestContextBootstrapper [main] Loaded default TestExecutionListener class names from location [META-INF/spring.factories]: [org.springframework.boot.test.mock.mockito.MockitoTestExecutionListener, org.springframework.boot.test.mock.mockito.ResetMocksTestExecutionListener, org.springframework.boot.test.autoconfigure.restdocs.RestDocsTestExecutionListener, org.springframework.boot.test.autoconfigure.web.client.MockRestServiceServerResetTestExecutionListener, org.springframework.boot.test.autoconfigure.web.servlet.MockMvcPrintOnlyOnFailureTestExecutionListener, org.springframework.boot.test.autoconfigure.web.servlet.WebDriverTestExecutionListener, org.springframework.test.context.web.ServletTestExecutionListener, org.springframework.test.context.support.DirtiesContextBeforeModesTestExecutionListener, org.springframework.test.context.support.DependencyInjectionTestExecutionListener, org.springframework.test.context.support.DirtiesContextTestExecutionListener, org.springframework.test.context.transaction.TransactionalTestExecutionListener, org.springframework.test.context.jdbc.SqlScriptsTestExecutionListener]
2020-09-27 17:36:03,481 INFO [mainraceId] o.s.b.t.c.SpringBootTestContextBootstrapper [main] Using TestExecutionListeners: [org.springframework.test.context.web.ServletTestExecutionListener@e7edb54, org.springframework.test.context.support.DirtiesContextBeforeModesTestExecutionListener@378542de, org.springframework.boot.test.autoconfigure.SpringBootDependencyInjectionTestExecutionListener@3738449f, org.springframework.test.context.support.DirtiesContextTestExecutionListener@69e1dd28, org.springframework.test.context.transaction.TransactionalTestExecutionListener@11bd0f3b, org.springframework.test.context.jdbc.SqlScriptsTestExecutionListener@c333c60, org.springframework.boot.test.autoconfigure.web.servlet.MockMvcPrintOnlyOnFailureTestExecutionListener@79da8dc5, org.springframework.boot.test.autoconfigure.web.client.MockRestServiceServerResetTestExecutionListener@1eb5174b, org.springframework.boot.test.autoconfigure.web.servlet.WebDriverTestExecutionListener@67080771, org.springframework.boot.test.mock.mockito.MockitoTestExecutionListener@72cde7cc, org.springframework.boot.test.mock.mockito.ResetMocksTestExecutionListener@5fd4f8f5, org.springframework.boot.test.autoconfigure.restdocs.RestDocsTestExecutionListener@696da30b]
2020-09-27 17:36:04,463 WARN [mainraceId] o.s.b.t.j.DuplicateJsonObjectContextCustomizerFactory$DuplicateJsonObjectContextCustomizer [main] 

Found multiple occurrences of org.json.JSONObject on the class path:

	jar:file:/E:/maven/repository/org/json/json/20140107/json-20140107.jar!/org/json/JSONObject.class
	jar:file:/E:/maven/repository/com/vaadin/external/google/android-json/0.0.20131108.vaadin1/android-json-0.0.20131108.vaadin1.jar!/org/json/JSONObject.class

You may wish to exclude one of them to ensure predictable runtime behaviour

2020-09-27 17:36:04,511 INFO [mainraceId] c.e.s.LogTest [main] Starting LogTest on Mr-shu-of-windows with PID 12552 (started by shuwending in D:\yijiupi_code\easysale-saas\springboot-demo)
2020-09-27 17:36:04,512 INFO [mainraceId] c.e.s.LogTest [main] No active profile set, falling back to default profiles: default
2020-09-27 17:36:04,667 INFO [mainraceId] o.s.w.c.s.GenericWebApplicationContext [main] Refreshing org.springframework.web.context.support.GenericWebApplicationContext@34f6515b: startup date [Sun Sep 27 17:36:04 CST 2020]; root of context hierarchy
2020-09-27 17:36:05,154 INFO [background-preinitraceId] o.h.v.i.u.Version [background-preinit] HV000001: Hibernate Validator 5.3.6.Final
2020-09-27 17:36:06,990 INFO [mainraceId] o.s.d.r.c.RepositoryConfigurationDelegate [main] Multiple Spring Data modules found, entering strict repository configuration mode!
2020-09-27 17:36:08,132 INFO [mainraceId] o.s.c.s.PostProcessorRegistrationDelegate$BeanPostProcessorChecker [main] Bean 'org.springframework.amqp.rabbit.annotation.RabbitBootstrapConfiguration' of type [org.springframework.amqp.rabbit.annotation.RabbitBootstrapConfiguration$$EnhancerBySpringCGLIB$$ec8f7425] is not eligible for getting processed by all BeanPostProcessors (for example: not eligible for auto-proxying)
2020-09-27 17:36:10,752 INFO [mainraceId] o.s.w.s.m.m.a.RequestMappingHandlerAdapter [main] Looking for @ControllerAdvice: org.springframework.web.context.support.GenericWebApplicationContext@34f6515b: startup date [Sun Sep 27 17:36:04 CST 2020]; root of context hierarchy
2020-09-27 17:36:10,885 INFO [mainraceId] o.s.w.s.m.m.a.RequestMappingHandlerMapping [main] Mapped "{[/rateLimiter/sayHello],methods=[GET]}" onto public java.lang.String com.example.springbootdemo.guava.controller.RateLimiterController.sayHello()
2020-09-27 17:36:10,888 INFO [mainraceId] o.s.w.s.m.m.a.RequestMappingHandlerMapping [main] Mapped "{[/rateLimiter/sayHi],methods=[GET]}" onto public java.lang.String com.example.springbootdemo.guava.controller.RateLimiterController.sayHi()
2020-09-27 17:36:10,893 INFO [mainraceId] o.s.w.s.m.m.a.RequestMappingHandlerMapping [main] Mapped "{[/test/test01],methods=[POST]}" onto public java.lang.String com.example.springbootdemo.scheduled.contorller.TestController.test01(com.example.springbootdemo.scheduled.bean.Temp)
2020-09-27 17:36:10,894 INFO [mainraceId] o.s.w.s.m.m.a.RequestMappingHandlerMapping [main] Mapped "{[/test/test02],methods=[POST]}" onto public void com.example.springbootdemo.scheduled.contorller.TestController.sendTsMessage(com.alibaba.fastjson.JSONObject)
2020-09-27 17:36:10,895 INFO [mainraceId] o.s.w.s.m.m.a.RequestMappingHandlerMapping [main] Mapped "{[/test/test03],methods=[POST]}" onto public java.lang.String com.example.springbootdemo.scheduled.contorller.TestController.test03(com.alibaba.fastjson.JSONObject)
2020-09-27 17:36:10,899 INFO [mainraceId] o.s.w.s.m.m.a.RequestMappingHandlerMapping [main] Mapped "{[/error]}" onto public org.springframework.http.ResponseEntity<java.util.Map<java.lang.String, java.lang.Object>> org.springframework.boot.autoconfigure.web.BasicErrorController.error(javax.servlet.http.HttpServletRequest)
2020-09-27 17:36:10,900 INFO [mainraceId] o.s.w.s.m.m.a.RequestMappingHandlerMapping [main] Mapped "{[/error],produces=[text/html]}" onto public org.springframework.web.servlet.ModelAndView org.springframework.boot.autoconfigure.web.BasicErrorController.errorHtml(javax.servlet.http.HttpServletRequest,javax.servlet.http.HttpServletResponse)
2020-09-27 17:36:11,085 INFO [mainraceId] o.s.w.s.h.SimpleUrlHandlerMapping [main] Mapped URL path [/webjars/**] onto handler of type [class org.springframework.web.servlet.resource.ResourceHttpRequestHandler]
2020-09-27 17:36:11,086 INFO [mainraceId] o.s.w.s.h.SimpleUrlHandlerMapping [main] Mapped URL path [/**] onto handler of type [class org.springframework.web.servlet.resource.ResourceHttpRequestHandler]
2020-09-27 17:36:11,128 INFO [mainraceId] o.s.w.s.m.m.a.ExceptionHandlerExceptionResolver [main] Detected @ExceptionHandler methods in badRequestExceptionHandler
2020-09-27 17:36:11,183 INFO [mainraceId] o.s.w.s.h.SimpleUrlHandlerMapping [main] Mapped URL path [/**/favicon.ico] onto handler of type [class org.springframework.web.servlet.resource.ResourceHttpRequestHandler]
2020-09-27 17:36:11,405 INFO [mainraceId] c.y.f.l.LogPatternAutoConfiguration [main] Ready to read source log4j2.xml 
2020-09-27 17:36:11,407 INFO [mainraceId] c.y.f.l.LogPatternAutoConfiguration [main] Write new config content to log4j2.xml
2020-09-27 17:36:12,622 INFO [mainraceId] o.s.c.s.DefaultLifecycleProcessor [main] Starting beans in phase 2147483647
2020-09-27 17:36:12,662 INFO [mainraceId] c.e.s.LogTest [main] Started LogTest in 8.876 seconds (JVM running for 10.942)
2020-09-27 17:36:12,833 INFO [mainraceId] c.e.s.LogTest [main] 普通信息
2020-09-27 17:36:12,834 WARN [mainraceId] c.e.s.LogTest [main] 警告进行
2020-09-27 17:36:12,835 ERROR [mainraceId] c.e.s.LogTest [main] 错误信息
2020-09-27 17:36:12,848 INFO [Thread-5raceId] o.s.w.c.s.GenericWebApplicationContext [Thread-5] Closing org.springframework.web.context.support.GenericWebApplicationContext@34f6515b: startup date [Sun Sep 27 17:36:04 CST 2020]; root of context hierarchy
2020-09-27 17:36:33,309 INFO org.springframework.test.context.support.AbstractTestContextBootstrapper#buildDefaultMergedContextConfiguration [TID:N/A] [main] Neither @ContextConfiguration nor @ContextHierarchy found for test class [com.example.springbootdemo.LogTest], using SpringBootContextLoader
2020-09-27 17:36:33,328 INFO org.springframework.test.context.support.AbstractContextLoader#generateDefaultLocations [TID:N/A] [main] Could not detect default resource locations for test class [com.example.springbootdemo.LogTest]: no resource found for suffixes {-context.xml, Context.groovy}.
2020-09-27 17:36:33,331 INFO org.springframework.test.context.support.AnnotationConfigContextLoaderUtils#detectDefaultConfigurationClasses [TID:N/A] [main] Could not detect default configuration classes for test class [com.example.springbootdemo.LogTest]: LogTest does not declare any static, non-private, non-final, nested classes annotated with @Configuration.
2020-09-27 17:36:33,529 INFO org.springframework.boot.test.context.SpringBootTestContextBootstrapper#getOrFindConfigurationClasses [TID:N/A] [main] Found @SpringBootConfiguration com.example.springbootdemo.SpringbootDemoApplication for test class com.example.springbootdemo.LogTest
2020-09-27 17:36:33,545 INFO org.springframework.test.context.support.AbstractTestContextBootstrapper#getDefaultTestExecutionListenerClassNames [TID:N/A] [main] Loaded default TestExecutionListener class names from location [META-INF/spring.factories]: [org.springframework.boot.test.mock.mockito.MockitoTestExecutionListener, org.springframework.boot.test.mock.mockito.ResetMocksTestExecutionListener, org.springframework.boot.test.autoconfigure.restdocs.RestDocsTestExecutionListener, org.springframework.boot.test.autoconfigure.web.client.MockRestServiceServerResetTestExecutionListener, org.springframework.boot.test.autoconfigure.web.servlet.MockMvcPrintOnlyOnFailureTestExecutionListener, org.springframework.boot.test.autoconfigure.web.servlet.WebDriverTestExecutionListener, org.springframework.test.context.web.ServletTestExecutionListener, org.springframework.test.context.support.DirtiesContextBeforeModesTestExecutionListener, org.springframework.test.context.support.DependencyInjectionTestExecutionListener, org.springframework.test.context.support.DirtiesContextTestExecutionListener, org.springframework.test.context.transaction.TransactionalTestExecutionListener, org.springframework.test.context.jdbc.SqlScriptsTestExecutionListener]
2020-09-27 17:36:33,587 INFO org.springframework.test.context.support.AbstractTestContextBootstrapper#getTestExecutionListeners [TID:N/A] [main] Using TestExecutionListeners: [org.springframework.test.context.web.ServletTestExecutionListener@2cd2a21f, org.springframework.test.context.support.DirtiesContextBeforeModesTestExecutionListener@2e55dd0c, org.springframework.boot.test.autoconfigure.SpringBootDependencyInjectionTestExecutionListener@74455848, org.springframework.test.context.support.DirtiesContextTestExecutionListener@e7edb54, org.springframework.test.context.transaction.TransactionalTestExecutionListener@378542de, org.springframework.test.context.jdbc.SqlScriptsTestExecutionListener@3738449f, org.springframework.boot.test.autoconfigure.web.servlet.WebDriverTestExecutionListener@69e1dd28, org.springframework.boot.test.autoconfigure.web.servlet.MockMvcPrintOnlyOnFailureTestExecutionListener@11bd0f3b, org.springframework.boot.test.mock.mockito.ResetMocksTestExecutionListener@c333c60, org.springframework.boot.test.mock.mockito.MockitoTestExecutionListener@79da8dc5, org.springframework.boot.test.autoconfigure.restdocs.RestDocsTestExecutionListener@1eb5174b, org.springframework.boot.test.autoconfigure.web.client.MockRestServiceServerResetTestExecutionListener@67080771]
2020-09-27 17:36:34,353 WARN org.springframework.boot.test.json.DuplicateJsonObjectContextCustomizerFactory$DuplicateJsonObjectContextCustomizer#logDuplicateJsonObjectsWarning [TID:N/A] [main] 

Found multiple occurrences of org.json.JSONObject on the class path:

	jar:file:/E:/maven/repository/org/json/json/20140107/json-20140107.jar!/org/json/JSONObject.class
	jar:file:/E:/maven/repository/com/vaadin/external/google/android-json/0.0.20131108.vaadin1/android-json-0.0.20131108.vaadin1.jar!/org/json/JSONObject.class

You may wish to exclude one of them to ensure predictable runtime behaviour

2020-09-27 17:36:34,377 INFO org.springframework.boot.StartupInfoLogger#logStarting [TID:N/A] [main] Starting LogTest on Mr-shu-of-windows with PID 8180 (started by shuwending in D:\yijiupi_code\easysale-saas\springboot-demo)
2020-09-27 17:36:34,377 INFO org.springframework.boot.SpringApplication#logStartupProfileInfo [TID:N/A] [main] No active profile set, falling back to default profiles: default
2020-09-27 17:36:34,438 INFO org.springframework.context.support.AbstractApplicationContext#prepareRefresh [TID:N/A] [main] Refreshing org.springframework.web.context.support.GenericWebApplicationContext@59d4cd39: startup date [Sun Sep 27 17:36:34 CST 2020]; root of context hierarchy
2020-09-27 17:36:34,916 INFO org.hibernate.validator.internal.util.Version#<clinit> [TID:N/A] [background-preinit] HV000001: Hibernate Validator 5.3.6.Final
2020-09-27 17:36:35,743 INFO org.springframework.data.repository.config.RepositoryConfigurationDelegate#multipleStoresDetected [TID:N/A] [main] Multiple Spring Data modules found, entering strict repository configuration mode!
2020-09-27 17:36:36,478 INFO org.springframework.context.support.PostProcessorRegistrationDelegate$BeanPostProcessorChecker#postProcessAfterInitialization [TID:N/A] [main] Bean 'org.springframework.amqp.rabbit.annotation.RabbitBootstrapConfiguration' of type [org.springframework.amqp.rabbit.annotation.RabbitBootstrapConfiguration$$EnhancerBySpringCGLIB$$d6524b72] is not eligible for getting processed by all BeanPostProcessors (for example: not eligible for auto-proxying)
2020-09-27 17:36:38,565 INFO org.springframework.web.servlet.mvc.method.annotation.RequestMappingHandlerAdapter#initControllerAdviceCache [TID:N/A] [main] Looking for @ControllerAdvice: org.springframework.web.context.support.GenericWebApplicationContext@59d4cd39: startup date [Sun Sep 27 17:36:34 CST 2020]; root of context hierarchy
2020-09-27 17:36:38,673 INFO org.springframework.web.servlet.handler.AbstractHandlerMethodMapping$MappingRegistry#register [TID:N/A] [main] Mapped "{[/rateLimiter/sayHello],methods=[GET]}" onto public java.lang.String com.example.springbootdemo.guava.controller.RateLimiterController.sayHello()
2020-09-27 17:36:38,674 INFO org.springframework.web.servlet.handler.AbstractHandlerMethodMapping$MappingRegistry#register [TID:N/A] [main] Mapped "{[/rateLimiter/sayHi],methods=[GET]}" onto public java.lang.String com.example.springbootdemo.guava.controller.RateLimiterController.sayHi()
2020-09-27 17:36:38,680 INFO org.springframework.web.servlet.handler.AbstractHandlerMethodMapping$MappingRegistry#register [TID:N/A] [main] Mapped "{[/test/test01],methods=[POST]}" onto public java.lang.String com.example.springbootdemo.scheduled.contorller.TestController.test01(com.example.springbootdemo.scheduled.bean.Temp)
2020-09-27 17:36:38,681 INFO org.springframework.web.servlet.handler.AbstractHandlerMethodMapping$MappingRegistry#register [TID:N/A] [main] Mapped "{[/test/test02],methods=[POST]}" onto public void com.example.springbootdemo.scheduled.contorller.TestController.sendTsMessage(com.alibaba.fastjson.JSONObject)
2020-09-27 17:36:38,681 INFO org.springframework.web.servlet.handler.AbstractHandlerMethodMapping$MappingRegistry#register [TID:N/A] [main] Mapped "{[/test/test03],methods=[POST]}" onto public java.lang.String com.example.springbootdemo.scheduled.contorller.TestController.test03(com.alibaba.fastjson.JSONObject)
2020-09-27 17:36:38,684 INFO org.springframework.web.servlet.handler.AbstractHandlerMethodMapping$MappingRegistry#register [TID:N/A] [main] Mapped "{[/error]}" onto public org.springframework.http.ResponseEntity<java.util.Map<java.lang.String, java.lang.Object>> org.springframework.boot.autoconfigure.web.BasicErrorController.error(javax.servlet.http.HttpServletRequest)
2020-09-27 17:36:38,685 INFO org.springframework.web.servlet.handler.AbstractHandlerMethodMapping$MappingRegistry#register [TID:N/A] [main] Mapped "{[/error],produces=[text/html]}" onto public org.springframework.web.servlet.ModelAndView org.springframework.boot.autoconfigure.web.BasicErrorController.errorHtml(javax.servlet.http.HttpServletRequest,javax.servlet.http.HttpServletResponse)
2020-09-27 17:36:38,744 INFO org.springframework.web.servlet.handler.AbstractUrlHandlerMapping#registerHandler [TID:N/A] [main] Mapped URL path [/webjars/**] onto handler of type [class org.springframework.web.servlet.resource.ResourceHttpRequestHandler]
2020-09-27 17:36:38,745 INFO org.springframework.web.servlet.handler.AbstractUrlHandlerMapping#registerHandler [TID:N/A] [main] Mapped URL path [/**] onto handler of type [class org.springframework.web.servlet.resource.ResourceHttpRequestHandler]
2020-09-27 17:36:38,768 INFO org.springframework.web.servlet.mvc.method.annotation.ExceptionHandlerExceptionResolver#initExceptionHandlerAdviceCache [TID:N/A] [main] Detected @ExceptionHandler methods in badRequestExceptionHandler
2020-09-27 17:36:38,813 INFO org.springframework.web.servlet.handler.AbstractUrlHandlerMapping#registerHandler [TID:N/A] [main] Mapped URL path [/**/favicon.ico] onto handler of type [class org.springframework.web.servlet.resource.ResourceHttpRequestHandler]
2020-09-27 17:36:39,036 INFO com.yijiupi.framework.logger.LogPatternAutoConfiguration#load [TID:N/A] [main] Ready to read source log4j2.xml 
2020-09-27 17:36:39,037 INFO com.yijiupi.framework.logger.LogPatternAutoConfiguration#load [TID:N/A] [main] Write new config content to log4j2.xml
2020-09-27 17:36:40,134 INFO org.springframework.context.support.DefaultLifecycleProcessor$LifecycleGroup#start [TID:N/A] [main] Starting beans in phase 2147483647
2020-09-27 17:36:40,161 INFO org.springframework.boot.StartupInfoLogger#logStarted [TID:N/A] [main] Started LogTest in 6.368 seconds (JVM running for 8.306)
2020-09-27 17:36:40,229 INFO com.example.springbootdemo.LogTest#test01 [TID:N/A] [main] 普通信息
2020-09-27 17:36:40,230 WARN com.example.springbootdemo.LogTest#test01 [TID:N/A] [main] 警告进行
2020-09-27 17:36:40,230 ERROR com.example.springbootdemo.LogTest#test01 [TID:N/A] [main] 错误信息
2020-09-27 17:36:40,240 INFO org.springframework.context.support.AbstractApplicationContext#doClose [TID:N/A] [Thread-5] Closing org.springframework.web.context.support.GenericWebApplicationContext@59d4cd39: startup date [Sun Sep 27 17:36:34 CST 2020]; root of context hierarchy
