2020-08-14 09:47:12,705 INFO org.springframework.test.context.support.AbstractTestContextBootstrapper#buildDefaultMergedContextConfiguration [TID:N/A] [main] Neither @ContextConfiguration nor @ContextHierarchy found for test class [com.example.springbootdemo.OptionalTest], using SpringBootContextLoader
2020-08-14 09:47:12,785 INFO org.springframework.test.context.support.AbstractContextLoader#generateDefaultLocations [TID:N/A] [main] Could not detect default resource locations for test class [com.example.springbootdemo.OptionalTest]: no resource found for suffixes {-context.xml, Context.groovy}.
2020-08-14 09:47:12,787 INFO org.springframework.test.context.support.AnnotationConfigContextLoaderUtils#detectDefaultConfigurationClasses [TID:N/A] [main] Could not detect default configuration classes for test class [com.example.springbootdemo.OptionalTest]: OptionalTest does not declare any static, non-private, non-final, nested classes annotated with @Configuration.
2020-08-14 09:47:14,080 INFO org.springframework.boot.test.context.SpringBootTestContextBootstrapper#getOrFindConfigurationClasses [TID:N/A] [main] Found @SpringBootConfiguration com.example.springbootdemo.SpringbootDemoApplication for test class com.example.springbootdemo.OptionalTest
2020-08-14 09:47:14,431 INFO org.springframework.test.context.support.AbstractTestContextBootstrapper#getDefaultTestExecutionListenerClassNames [TID:N/A] [main] Loaded default TestExecutionListener class names from location [META-INF/spring.factories]: [org.springframework.boot.test.mock.mockito.MockitoTestExecutionListener, org.springframework.boot.test.mock.mockito.ResetMocksTestExecutionListener, org.springframework.boot.test.autoconfigure.restdocs.RestDocsTestExecutionListener, org.springframework.boot.test.autoconfigure.web.client.MockRestServiceServerResetTestExecutionListener, org.springframework.boot.test.autoconfigure.web.servlet.MockMvcPrintOnlyOnFailureTestExecutionListener, org.springframework.boot.test.autoconfigure.web.servlet.WebDriverTestExecutionListener, org.springframework.boot.test.autoconfigure.webservices.client.MockWebServiceServerTestExecutionListener, org.springframework.test.context.web.ServletTestExecutionListener, org.springframework.test.context.support.DirtiesContextBeforeModesTestExecutionListener, org.springframework.test.context.support.DependencyInjectionTestExecutionListener, org.springframework.test.context.support.DirtiesContextTestExecutionListener, org.springframework.test.context.transaction.TransactionalTestExecutionListener, org.springframework.test.context.jdbc.SqlScriptsTestExecutionListener, org.springframework.test.context.event.EventPublishingTestExecutionListener]
2020-08-14 09:47:14,519 INFO org.springframework.test.context.support.AbstractTestContextBootstrapper#getTestExecutionListeners [TID:N/A] [main] Using TestExecutionListeners: [org.springframework.test.context.web.ServletTestExecutionListener@2d1dee39, org.springframework.test.context.support.DirtiesContextBeforeModesTestExecutionListener@48d5f34e, org.springframework.boot.test.mock.mockito.MockitoTestExecutionListener@fc258b1, org.springframework.boot.test.autoconfigure.SpringBootDependencyInjectionTestExecutionListener@6ff65192, org.springframework.test.context.support.DirtiesContextTestExecutionListener@2dd80673, org.springframework.test.context.transaction.TransactionalTestExecutionListener@4af0df05, org.springframework.test.context.jdbc.SqlScriptsTestExecutionListener@57ea113a, org.springframework.test.context.event.EventPublishingTestExecutionListener@acdb094, org.springframework.boot.test.mock.mockito.ResetMocksTestExecutionListener@674bd420, org.springframework.boot.test.autoconfigure.restdocs.RestDocsTestExecutionListener@2b0f373b, org.springframework.boot.test.autoconfigure.web.client.MockRestServiceServerResetTestExecutionListener@2ceb80a1, org.springframework.boot.test.autoconfigure.web.servlet.MockMvcPrintOnlyOnFailureTestExecutionListener@4b45dcb8, org.springframework.boot.test.autoconfigure.web.servlet.WebDriverTestExecutionListener@7216fb24, org.springframework.boot.test.autoconfigure.webservices.client.MockWebServiceServerTestExecutionListener@2072acb2]
2020-08-14 09:47:15,818 INFO org.springframework.boot.StartupInfoLogger#logStarting [TID:N/A] [main] Starting OptionalTest on Mr-shu-the-windows with PID 27052 (started by shuwending in D:\yijiupi_code\easysale-saas\springboot-demo)
2020-08-14 09:47:15,832 INFO org.springframework.boot.SpringApplication#logStartupProfileInfo [TID:N/A] [main] No active profile set, falling back to default profiles: default
2020-08-14 09:47:19,065 INFO org.springframework.data.repository.config.RepositoryConfigurationDelegate#multipleStoresDetected [TID:N/A] [main] Multiple Spring Data modules found, entering strict repository configuration mode!
2020-08-14 09:47:19,071 INFO org.springframework.data.repository.config.RepositoryConfigurationDelegate#registerRepositoriesIn [TID:N/A] [main] Bootstrapping Spring Data Redis repositories in DEFAULT mode.
2020-08-14 09:47:19,248 INFO org.springframework.data.repository.config.RepositoryConfigurationDelegate#registerRepositoriesIn [TID:N/A] [main] Finished Spring Data repository scanning in 63ms. Found 0 Redis repository interfaces.
2020-08-14 09:47:21,158 INFO org.springframework.context.support.PostProcessorRegistrationDelegate$BeanPostProcessorChecker#postProcessAfterInitialization [TID:N/A] [main] Bean 'asyncConfig' of type [com.example.springbootdemo.scheduled.config.AsyncConfig$$EnhancerBySpringCGLIB$$b89f6b26] is not eligible for getting processed by all BeanPostProcessors (for example: not eligible for auto-proxying)
2020-08-14 09:47:21,959 INFO org.springframework.scheduling.concurrent.ExecutorConfigurationSupport#initialize [TID:N/A] [main] Initializing ExecutorService
2020-08-14 09:47:21,975 INFO org.springframework.scheduling.concurrent.ExecutorConfigurationSupport#initialize [TID:N/A] [main] Initializing ExecutorService 'threadPoolTaskScheduler'
2020-08-14 09:47:22,830 INFO org.springframework.scheduling.concurrent.ExecutorConfigurationSupport#initialize [TID:N/A] [main] Initializing ExecutorService
2020-08-14 09:47:22,852 INFO org.springframework.scheduling.concurrent.ExecutorConfigurationSupport#initialize [TID:N/A] [main] Initializing ExecutorService 'threadPoolTaskExecutor'
2020-08-14 09:47:24,250 INFO com.yijiupi.framework.logger.LogPatternAutoConfiguration#load [TID:N/A] [main] Ready to read source log4j2.xml 
2020-08-14 09:47:24,251 INFO com.yijiupi.framework.logger.LogPatternAutoConfiguration#load [TID:N/A] [main] Write new config content to log4j2.xml
2020-08-14 09:47:27,078 INFO org.quartz.impl.StdSchedulerFactory#instantiate [TID:N/A] [main] Using default implementation for ThreadExecutor
2020-08-14 09:47:27,115 INFO org.quartz.core.SchedulerSignalerImpl#<init> [TID:N/A] [main] Initialized Scheduler Signaller of type: class org.quartz.core.SchedulerSignalerImpl
2020-08-14 09:47:27,118 INFO org.quartz.core.QuartzScheduler#<init> [TID:N/A] [main] Quartz Scheduler v.2.2.1 created.
2020-08-14 09:47:27,119 INFO org.quartz.simpl.RAMJobStore#initialize [TID:N/A] [main] RAMJobStore initialized.
2020-08-14 09:47:27,121 INFO org.quartz.core.QuartzScheduler#initialize [TID:N/A] [main] Scheduler meta-data: Quartz Scheduler (v2.2.1) 'quartzScheduler' with instanceId 'NON_CLUSTERED'
  Scheduler class: 'org.quartz.core.QuartzScheduler' - running locally.
  NOT STARTED.
  Currently in standby mode.
  Number of jobs executed: 0
  Using thread pool 'org.quartz.simpl.SimpleThreadPool' - with 10 threads.
  Using job-store 'org.quartz.simpl.RAMJobStore' - which does not support persistence. and is not clustered.

2020-08-14 09:47:27,122 INFO org.quartz.impl.StdSchedulerFactory#instantiate [TID:N/A] [main] Quartz scheduler 'quartzScheduler' initialized from an externally provided properties instance.
2020-08-14 09:47:27,123 INFO org.quartz.impl.StdSchedulerFactory#instantiate [TID:N/A] [main] Quartz scheduler version: 2.2.1
2020-08-14 09:47:27,124 INFO org.quartz.core.QuartzScheduler#setJobFactory [TID:N/A] [main] JobFactory set to: org.springframework.scheduling.quartz.SpringBeanJobFactory@29170a47
2020-08-14 09:47:27,270 INFO org.springframework.scheduling.quartz.SchedulerFactoryBean#startScheduler [TID:N/A] [main] Starting Quartz Scheduler now
2020-08-14 09:47:27,271 INFO org.quartz.core.QuartzScheduler#start [TID:N/A] [main] Scheduler quartzScheduler_$_NON_CLUSTERED started.
2020-08-14 09:47:27,287 INFO org.springframework.boot.StartupInfoLogger#logStarted [TID:N/A] [main] Started OptionalTest in 12.42 seconds (JVM running for 19.536)
2020-08-14 09:47:28,720 INFO org.quartz.core.QuartzScheduler#standby [TID:N/A] [SpringContextShutdownHook] Scheduler quartzScheduler_$_NON_CLUSTERED paused.
2020-08-14 09:47:28,750 INFO org.springframework.scheduling.quartz.SchedulerFactoryBean#destroy [TID:N/A] [SpringContextShutdownHook] Shutting down Quartz Scheduler
2020-08-14 09:47:28,750 INFO org.quartz.core.QuartzScheduler#shutdown [TID:N/A] [SpringContextShutdownHook] Scheduler quartzScheduler_$_NON_CLUSTERED shutting down.
2020-08-14 09:47:28,751 INFO org.quartz.core.QuartzScheduler#standby [TID:N/A] [SpringContextShutdownHook] Scheduler quartzScheduler_$_NON_CLUSTERED paused.
2020-08-14 09:47:28,751 INFO org.quartz.core.QuartzScheduler#shutdown [TID:N/A] [SpringContextShutdownHook] Scheduler quartzScheduler_$_NON_CLUSTERED shutdown complete.
2020-08-14 09:47:28,795 INFO org.springframework.scheduling.concurrent.ExecutorConfigurationSupport#shutdown [TID:N/A] [SpringContextShutdownHook] Shutting down ExecutorService 'threadPoolTaskExecutor'
2020-08-14 09:47:28,795 INFO org.springframework.scheduling.concurrent.ExecutorConfigurationSupport#shutdown [TID:N/A] [SpringContextShutdownHook] Shutting down ExecutorService 'threadPoolTaskScheduler'
2020-08-14 09:49:05,099 INFO org.springframework.test.context.support.AbstractTestContextBootstrapper#buildDefaultMergedContextConfiguration [TID:N/A] [main] Neither @ContextConfiguration nor @ContextHierarchy found for test class [com.example.springbootdemo.OptionalTest], using SpringBootContextLoader
2020-08-14 09:49:05,112 INFO org.springframework.test.context.support.AbstractContextLoader#generateDefaultLocations [TID:N/A] [main] Could not detect default resource locations for test class [com.example.springbootdemo.OptionalTest]: no resource found for suffixes {-context.xml, Context.groovy}.
2020-08-14 09:49:05,114 INFO org.springframework.test.context.support.AnnotationConfigContextLoaderUtils#detectDefaultConfigurationClasses [TID:N/A] [main] Could not detect default configuration classes for test class [com.example.springbootdemo.OptionalTest]: OptionalTest does not declare any static, non-private, non-final, nested classes annotated with @Configuration.
2020-08-14 09:49:05,287 INFO org.springframework.boot.test.context.SpringBootTestContextBootstrapper#getOrFindConfigurationClasses [TID:N/A] [main] Found @SpringBootConfiguration com.example.springbootdemo.SpringbootDemoApplication for test class com.example.springbootdemo.OptionalTest
2020-08-14 09:49:05,444 INFO org.springframework.test.context.support.AbstractTestContextBootstrapper#getDefaultTestExecutionListenerClassNames [TID:N/A] [main] Loaded default TestExecutionListener class names from location [META-INF/spring.factories]: [org.springframework.boot.test.mock.mockito.MockitoTestExecutionListener, org.springframework.boot.test.mock.mockito.ResetMocksTestExecutionListener, org.springframework.boot.test.autoconfigure.restdocs.RestDocsTestExecutionListener, org.springframework.boot.test.autoconfigure.web.client.MockRestServiceServerResetTestExecutionListener, org.springframework.boot.test.autoconfigure.web.servlet.MockMvcPrintOnlyOnFailureTestExecutionListener, org.springframework.boot.test.autoconfigure.web.servlet.WebDriverTestExecutionListener, org.springframework.boot.test.autoconfigure.webservices.client.MockWebServiceServerTestExecutionListener, org.springframework.test.context.web.ServletTestExecutionListener, org.springframework.test.context.support.DirtiesContextBeforeModesTestExecutionListener, org.springframework.test.context.support.DependencyInjectionTestExecutionListener, org.springframework.test.context.support.DirtiesContextTestExecutionListener, org.springframework.test.context.transaction.TransactionalTestExecutionListener, org.springframework.test.context.jdbc.SqlScriptsTestExecutionListener, org.springframework.test.context.event.EventPublishingTestExecutionListener]
2020-08-14 09:49:05,467 INFO org.springframework.test.context.support.AbstractTestContextBootstrapper#getTestExecutionListeners [TID:N/A] [main] Using TestExecutionListeners: [org.springframework.test.context.web.ServletTestExecutionListener@2d1dee39, org.springframework.test.context.support.DirtiesContextBeforeModesTestExecutionListener@48d5f34e, org.springframework.boot.test.mock.mockito.MockitoTestExecutionListener@fc258b1, org.springframework.boot.test.autoconfigure.SpringBootDependencyInjectionTestExecutionListener@6ff65192, org.springframework.test.context.support.DirtiesContextTestExecutionListener@2dd80673, org.springframework.test.context.transaction.TransactionalTestExecutionListener@4af0df05, org.springframework.test.context.jdbc.SqlScriptsTestExecutionListener@57ea113a, org.springframework.test.context.event.EventPublishingTestExecutionListener@acdb094, org.springframework.boot.test.mock.mockito.ResetMocksTestExecutionListener@674bd420, org.springframework.boot.test.autoconfigure.restdocs.RestDocsTestExecutionListener@2b0f373b, org.springframework.boot.test.autoconfigure.web.client.MockRestServiceServerResetTestExecutionListener@2ceb80a1, org.springframework.boot.test.autoconfigure.web.servlet.MockMvcPrintOnlyOnFailureTestExecutionListener@4b45dcb8, org.springframework.boot.test.autoconfigure.web.servlet.WebDriverTestExecutionListener@7216fb24, org.springframework.boot.test.autoconfigure.webservices.client.MockWebServiceServerTestExecutionListener@2072acb2]
2020-08-14 09:49:05,925 INFO org.springframework.boot.StartupInfoLogger#logStarting [TID:N/A] [main] Starting OptionalTest on Mr-shu-the-windows with PID 17820 (started by shuwending in D:\yijiupi_code\easysale-saas\springboot-demo)
2020-08-14 09:49:05,930 INFO org.springframework.boot.SpringApplication#logStartupProfileInfo [TID:N/A] [main] No active profile set, falling back to default profiles: default
2020-08-14 09:49:07,801 INFO org.springframework.data.repository.config.RepositoryConfigurationDelegate#multipleStoresDetected [TID:N/A] [main] Multiple Spring Data modules found, entering strict repository configuration mode!
2020-08-14 09:49:07,808 INFO org.springframework.data.repository.config.RepositoryConfigurationDelegate#registerRepositoriesIn [TID:N/A] [main] Bootstrapping Spring Data Redis repositories in DEFAULT mode.
2020-08-14 09:49:07,877 INFO org.springframework.data.repository.config.RepositoryConfigurationDelegate#registerRepositoriesIn [TID:N/A] [main] Finished Spring Data repository scanning in 42ms. Found 0 Redis repository interfaces.
2020-08-14 09:49:08,499 INFO org.springframework.context.support.PostProcessorRegistrationDelegate$BeanPostProcessorChecker#postProcessAfterInitialization [TID:N/A] [main] Bean 'asyncConfig' of type [com.example.springbootdemo.scheduled.config.AsyncConfig$$EnhancerBySpringCGLIB$$b89f6b26] is not eligible for getting processed by all BeanPostProcessors (for example: not eligible for auto-proxying)
2020-08-14 09:49:08,958 INFO org.springframework.scheduling.concurrent.ExecutorConfigurationSupport#initialize [TID:N/A] [main] Initializing ExecutorService
2020-08-14 09:49:08,972 INFO org.springframework.scheduling.concurrent.ExecutorConfigurationSupport#initialize [TID:N/A] [main] Initializing ExecutorService 'threadPoolTaskScheduler'
2020-08-14 09:49:09,519 INFO org.springframework.scheduling.concurrent.ExecutorConfigurationSupport#initialize [TID:N/A] [main] Initializing ExecutorService
2020-08-14 09:49:09,555 INFO org.springframework.scheduling.concurrent.ExecutorConfigurationSupport#initialize [TID:N/A] [main] Initializing ExecutorService 'threadPoolTaskExecutor'
2020-08-14 09:49:10,773 INFO com.yijiupi.framework.logger.LogPatternAutoConfiguration#load [TID:N/A] [main] Ready to read source log4j2.xml 
2020-08-14 09:49:10,775 INFO com.yijiupi.framework.logger.LogPatternAutoConfiguration#load [TID:N/A] [main] Write new config content to log4j2.xml
2020-08-14 09:49:12,718 INFO org.quartz.impl.StdSchedulerFactory#instantiate [TID:N/A] [main] Using default implementation for ThreadExecutor
2020-08-14 09:49:12,773 INFO org.quartz.core.SchedulerSignalerImpl#<init> [TID:N/A] [main] Initialized Scheduler Signaller of type: class org.quartz.core.SchedulerSignalerImpl
2020-08-14 09:49:12,776 INFO org.quartz.core.QuartzScheduler#<init> [TID:N/A] [main] Quartz Scheduler v.2.2.1 created.
2020-08-14 09:49:12,778 INFO org.quartz.simpl.RAMJobStore#initialize [TID:N/A] [main] RAMJobStore initialized.
2020-08-14 09:49:12,781 INFO org.quartz.core.QuartzScheduler#initialize [TID:N/A] [main] Scheduler meta-data: Quartz Scheduler (v2.2.1) 'quartzScheduler' with instanceId 'NON_CLUSTERED'
  Scheduler class: 'org.quartz.core.QuartzScheduler' - running locally.
  NOT STARTED.
  Currently in standby mode.
  Number of jobs executed: 0
  Using thread pool 'org.quartz.simpl.SimpleThreadPool' - with 10 threads.
  Using job-store 'org.quartz.simpl.RAMJobStore' - which does not support persistence. and is not clustered.

2020-08-14 09:49:12,783 INFO org.quartz.impl.StdSchedulerFactory#instantiate [TID:N/A] [main] Quartz scheduler 'quartzScheduler' initialized from an externally provided properties instance.
2020-08-14 09:49:12,784 INFO org.quartz.impl.StdSchedulerFactory#instantiate [TID:N/A] [main] Quartz scheduler version: 2.2.1
2020-08-14 09:49:12,784 INFO org.quartz.core.QuartzScheduler#setJobFactory [TID:N/A] [main] JobFactory set to: org.springframework.scheduling.quartz.SpringBeanJobFactory@29170a47
2020-08-14 09:49:13,001 INFO org.springframework.scheduling.quartz.SchedulerFactoryBean#startScheduler [TID:N/A] [main] Starting Quartz Scheduler now
2020-08-14 09:49:13,003 INFO org.quartz.core.QuartzScheduler#start [TID:N/A] [main] Scheduler quartzScheduler_$_NON_CLUSTERED started.
2020-08-14 09:49:13,056 INFO org.springframework.boot.StartupInfoLogger#logStarted [TID:N/A] [main] Started OptionalTest in 7.462 seconds (JVM running for 10.274)
2020-08-14 09:49:13,880 INFO org.quartz.core.QuartzScheduler#standby [TID:N/A] [SpringContextShutdownHook] Scheduler quartzScheduler_$_NON_CLUSTERED paused.
2020-08-14 09:49:13,898 INFO org.springframework.scheduling.quartz.SchedulerFactoryBean#destroy [TID:N/A] [SpringContextShutdownHook] Shutting down Quartz Scheduler
2020-08-14 09:49:13,898 INFO org.quartz.core.QuartzScheduler#shutdown [TID:N/A] [SpringContextShutdownHook] Scheduler quartzScheduler_$_NON_CLUSTERED shutting down.
2020-08-14 09:49:13,898 INFO org.quartz.core.QuartzScheduler#standby [TID:N/A] [SpringContextShutdownHook] Scheduler quartzScheduler_$_NON_CLUSTERED paused.
2020-08-14 09:49:13,899 INFO org.quartz.core.QuartzScheduler#shutdown [TID:N/A] [SpringContextShutdownHook] Scheduler quartzScheduler_$_NON_CLUSTERED shutdown complete.
2020-08-14 09:49:13,940 INFO org.springframework.scheduling.concurrent.ExecutorConfigurationSupport#shutdown [TID:N/A] [SpringContextShutdownHook] Shutting down ExecutorService 'threadPoolTaskExecutor'
2020-08-14 09:49:13,941 INFO org.springframework.scheduling.concurrent.ExecutorConfigurationSupport#shutdown [TID:N/A] [SpringContextShutdownHook] Shutting down ExecutorService 'threadPoolTaskScheduler'
2020-08-14 10:48:35,032 INFO [mainraceId] o.s.b.t.c.SpringBootTestContextBootstrapper [main] Neither @ContextConfiguration nor @ContextHierarchy found for test class [com.example.springbootdemo.OptionalTest], using SpringBootContextLoader
2020-08-14 10:48:35,044 INFO [mainraceId] o.s.t.c.s.AbstractContextLoader [main] Could not detect default resource locations for test class [com.example.springbootdemo.OptionalTest]: no resource found for suffixes {-context.xml, Context.groovy}.
2020-08-14 10:48:35,045 INFO [mainraceId] o.s.t.c.s.AnnotationConfigContextLoaderUtils [main] Could not detect default configuration classes for test class [com.example.springbootdemo.OptionalTest]: OptionalTest does not declare any static, non-private, non-final, nested classes annotated with @Configuration.
2020-08-14 10:48:35,227 INFO [mainraceId] o.s.b.t.c.SpringBootTestContextBootstrapper [main] Found @SpringBootConfiguration com.example.springbootdemo.SpringbootDemoApplication for test class com.example.springbootdemo.OptionalTest
2020-08-14 10:48:35,379 INFO [mainraceId] o.s.b.t.c.SpringBootTestContextBootstrapper [main] Loaded default TestExecutionListener class names from location [META-INF/spring.factories]: [org.springframework.boot.test.mock.mockito.MockitoTestExecutionListener, org.springframework.boot.test.mock.mockito.ResetMocksTestExecutionListener, org.springframework.boot.test.autoconfigure.restdocs.RestDocsTestExecutionListener, org.springframework.boot.test.autoconfigure.web.client.MockRestServiceServerResetTestExecutionListener, org.springframework.boot.test.autoconfigure.web.servlet.MockMvcPrintOnlyOnFailureTestExecutionListener, org.springframework.boot.test.autoconfigure.web.servlet.WebDriverTestExecutionListener, org.springframework.boot.test.autoconfigure.webservices.client.MockWebServiceServerTestExecutionListener, org.springframework.test.context.web.ServletTestExecutionListener, org.springframework.test.context.support.DirtiesContextBeforeModesTestExecutionListener, org.springframework.test.context.support.DependencyInjectionTestExecutionListener, org.springframework.test.context.support.DirtiesContextTestExecutionListener, org.springframework.test.context.transaction.TransactionalTestExecutionListener, org.springframework.test.context.jdbc.SqlScriptsTestExecutionListener, org.springframework.test.context.event.EventPublishingTestExecutionListener]
2020-08-14 10:48:35,406 INFO [mainraceId] o.s.b.t.c.SpringBootTestContextBootstrapper [main] Using TestExecutionListeners: [org.springframework.test.context.web.ServletTestExecutionListener@6492fab5, org.springframework.test.context.support.DirtiesContextBeforeModesTestExecutionListener@2c5529ab, org.springframework.boot.test.mock.mockito.MockitoTestExecutionListener@39a8312f, org.springframework.boot.test.autoconfigure.SpringBootDependencyInjectionTestExecutionListener@5f6722d3, org.springframework.test.context.support.DirtiesContextTestExecutionListener@2c532cd8, org.springframework.test.context.transaction.TransactionalTestExecutionListener@294e5088, org.springframework.test.context.jdbc.SqlScriptsTestExecutionListener@51972dc7, org.springframework.test.context.event.EventPublishingTestExecutionListener@3700ec9c, org.springframework.boot.test.mock.mockito.ResetMocksTestExecutionListener@2002348, org.springframework.boot.test.autoconfigure.restdocs.RestDocsTestExecutionListener@5911e990, org.springframework.boot.test.autoconfigure.web.client.MockRestServiceServerResetTestExecutionListener@31000e60, org.springframework.boot.test.autoconfigure.web.servlet.MockMvcPrintOnlyOnFailureTestExecutionListener@1d470d0, org.springframework.boot.test.autoconfigure.web.servlet.WebDriverTestExecutionListener@24d09c1, org.springframework.boot.test.autoconfigure.webservices.client.MockWebServiceServerTestExecutionListener@54c62d71]
2020-08-14 10:48:35,877 INFO [mainraceId] c.e.s.OptionalTest [main] Starting OptionalTest on Mr-shu-the-windows with PID 17124 (started by shuwending in D:\yijiupi_code\easysale-saas\springboot-demo)
2020-08-14 10:48:35,883 INFO [mainraceId] c.e.s.OptionalTest [main] No active profile set, falling back to default profiles: default
2020-08-14 10:48:37,418 INFO [mainraceId] o.s.d.r.c.RepositoryConfigurationDelegate [main] Multiple Spring Data modules found, entering strict repository configuration mode!
2020-08-14 10:48:37,423 INFO [mainraceId] o.s.d.r.c.RepositoryConfigurationDelegate [main] Bootstrapping Spring Data Redis repositories in DEFAULT mode.
2020-08-14 10:48:37,473 INFO [mainraceId] o.s.d.r.c.RepositoryConfigurationDelegate [main] Finished Spring Data repository scanning in 33ms. Found 0 Redis repository interfaces.
2020-08-14 10:48:37,951 INFO [mainraceId] o.s.c.s.PostProcessorRegistrationDelegate$BeanPostProcessorChecker [main] Bean 'asyncConfig' of type [com.example.springbootdemo.scheduled.config.AsyncConfig$$EnhancerBySpringCGLIB$$38c78257] is not eligible for getting processed by all BeanPostProcessors (for example: not eligible for auto-proxying)
2020-08-14 10:48:38,312 INFO [mainraceId] o.s.s.c.ThreadPoolTaskScheduler [main] Initializing ExecutorService
2020-08-14 10:48:38,330 INFO [mainraceId] o.s.s.c.ThreadPoolTaskScheduler [main] Initializing ExecutorService 'threadPoolTaskScheduler'
2020-08-14 10:48:38,803 INFO [mainraceId] o.s.s.c.ThreadPoolTaskExecutor [main] Initializing ExecutorService
2020-08-14 10:48:38,820 INFO [mainraceId] o.s.s.c.ThreadPoolTaskExecutor [main] Initializing ExecutorService 'threadPoolTaskExecutor'
2020-08-14 10:48:39,864 INFO [mainraceId] c.y.f.l.LogPatternAutoConfiguration [main] Ready to read source log4j2.xml 
2020-08-14 10:48:39,865 INFO [mainraceId] c.y.f.l.LogPatternAutoConfiguration [main] Write new config content to log4j2.xml
2020-08-14 10:48:41,577 INFO [mainraceId] c.e.s.OptionalTest [main] Started OptionalTest in 6.047 seconds (JVM running for 9.098)
2020-08-14 10:48:42,039 INFO org.springframework.scheduling.concurrent.ExecutorConfigurationSupport#shutdown [TID:N/A] [SpringContextShutdownHook] Shutting down ExecutorService 'threadPoolTaskExecutor'
2020-08-14 10:48:42,042 INFO org.springframework.scheduling.concurrent.ExecutorConfigurationSupport#shutdown [TID:N/A] [SpringContextShutdownHook] Shutting down ExecutorService 'threadPoolTaskScheduler'
2020-08-14 11:18:03,863 INFO org.springframework.test.context.support.AbstractTestContextBootstrapper#buildDefaultMergedContextConfiguration [TID:N/A] [main] Neither @ContextConfiguration nor @ContextHierarchy found for test class [com.example.springbootdemo.OptionalTest], using SpringBootContextLoader
2020-08-14 11:18:03,882 INFO org.springframework.test.context.support.AbstractContextLoader#generateDefaultLocations [TID:N/A] [main] Could not detect default resource locations for test class [com.example.springbootdemo.OptionalTest]: no resource found for suffixes {-context.xml, Context.groovy}.
2020-08-14 11:18:03,884 INFO org.springframework.test.context.support.AnnotationConfigContextLoaderUtils#detectDefaultConfigurationClasses [TID:N/A] [main] Could not detect default configuration classes for test class [com.example.springbootdemo.OptionalTest]: OptionalTest does not declare any static, non-private, non-final, nested classes annotated with @Configuration.
2020-08-14 11:18:04,076 INFO org.springframework.boot.test.context.SpringBootTestContextBootstrapper#getOrFindConfigurationClasses [TID:N/A] [main] Found @SpringBootConfiguration com.example.springbootdemo.SpringbootDemoApplication for test class com.example.springbootdemo.OptionalTest
2020-08-14 11:18:04,235 INFO org.springframework.test.context.support.AbstractTestContextBootstrapper#getDefaultTestExecutionListenerClassNames [TID:N/A] [main] Loaded default TestExecutionListener class names from location [META-INF/spring.factories]: [org.springframework.boot.test.mock.mockito.MockitoTestExecutionListener, org.springframework.boot.test.mock.mockito.ResetMocksTestExecutionListener, org.springframework.boot.test.autoconfigure.restdocs.RestDocsTestExecutionListener, org.springframework.boot.test.autoconfigure.web.client.MockRestServiceServerResetTestExecutionListener, org.springframework.boot.test.autoconfigure.web.servlet.MockMvcPrintOnlyOnFailureTestExecutionListener, org.springframework.boot.test.autoconfigure.web.servlet.WebDriverTestExecutionListener, org.springframework.boot.test.autoconfigure.webservices.client.MockWebServiceServerTestExecutionListener, org.springframework.test.context.web.ServletTestExecutionListener, org.springframework.test.context.support.DirtiesContextBeforeModesTestExecutionListener, org.springframework.test.context.support.DependencyInjectionTestExecutionListener, org.springframework.test.context.support.DirtiesContextTestExecutionListener, org.springframework.test.context.transaction.TransactionalTestExecutionListener, org.springframework.test.context.jdbc.SqlScriptsTestExecutionListener, org.springframework.test.context.event.EventPublishingTestExecutionListener]
2020-08-14 11:18:04,259 INFO org.springframework.test.context.support.AbstractTestContextBootstrapper#getTestExecutionListeners [TID:N/A] [main] Using TestExecutionListeners: [org.springframework.test.context.web.ServletTestExecutionListener@24d09c1, org.springframework.test.context.support.DirtiesContextBeforeModesTestExecutionListener@54c62d71, org.springframework.boot.test.mock.mockito.MockitoTestExecutionListener@65045a87, org.springframework.boot.test.autoconfigure.SpringBootDependencyInjectionTestExecutionListener@47f4e407, org.springframework.test.context.support.DirtiesContextTestExecutionListener@2d1dee39, org.springframework.test.context.transaction.TransactionalTestExecutionListener@48d5f34e, org.springframework.test.context.jdbc.SqlScriptsTestExecutionListener@fc258b1, org.springframework.test.context.event.EventPublishingTestExecutionListener@6ff65192, org.springframework.boot.test.mock.mockito.ResetMocksTestExecutionListener@2dd80673, org.springframework.boot.test.autoconfigure.restdocs.RestDocsTestExecutionListener@4af0df05, org.springframework.boot.test.autoconfigure.web.client.MockRestServiceServerResetTestExecutionListener@57ea113a, org.springframework.boot.test.autoconfigure.web.servlet.MockMvcPrintOnlyOnFailureTestExecutionListener@acdb094, org.springframework.boot.test.autoconfigure.web.servlet.WebDriverTestExecutionListener@674bd420, org.springframework.boot.test.autoconfigure.webservices.client.MockWebServiceServerTestExecutionListener@2b0f373b]
2020-08-14 11:18:04,738 INFO org.springframework.boot.StartupInfoLogger#logStarting [TID:N/A] [main] Starting OptionalTest on Mr-shu-the-windows with PID 27404 (started by shuwending in D:\yijiupi_code\easysale-saas\springboot-demo)
2020-08-14 11:18:04,743 INFO org.springframework.boot.SpringApplication#logStartupProfileInfo [TID:N/A] [main] No active profile set, falling back to default profiles: default
2020-08-14 11:18:06,176 INFO org.springframework.data.repository.config.RepositoryConfigurationDelegate#multipleStoresDetected [TID:N/A] [main] Multiple Spring Data modules found, entering strict repository configuration mode!
2020-08-14 11:18:06,182 INFO org.springframework.data.repository.config.RepositoryConfigurationDelegate#registerRepositoriesIn [TID:N/A] [main] Bootstrapping Spring Data Redis repositories in DEFAULT mode.
2020-08-14 11:18:06,244 INFO org.springframework.data.repository.config.RepositoryConfigurationDelegate#registerRepositoriesIn [TID:N/A] [main] Finished Spring Data repository scanning in 45ms. Found 0 Redis repository interfaces.
2020-08-14 11:18:06,731 INFO org.springframework.context.support.PostProcessorRegistrationDelegate$BeanPostProcessorChecker#postProcessAfterInitialization [TID:N/A] [main] Bean 'asyncConfig' of type [com.example.springbootdemo.scheduled.config.AsyncConfig$$EnhancerBySpringCGLIB$$9c2cc6b4] is not eligible for getting processed by all BeanPostProcessors (for example: not eligible for auto-proxying)
2020-08-14 11:18:07,117 INFO org.springframework.scheduling.concurrent.ExecutorConfigurationSupport#initialize [TID:N/A] [main] Initializing ExecutorService
2020-08-14 11:18:07,132 INFO org.springframework.scheduling.concurrent.ExecutorConfigurationSupport#initialize [TID:N/A] [main] Initializing ExecutorService 'threadPoolTaskScheduler'
2020-08-14 11:18:07,635 INFO org.springframework.scheduling.concurrent.ExecutorConfigurationSupport#initialize [TID:N/A] [main] Initializing ExecutorService
2020-08-14 11:18:07,653 INFO org.springframework.scheduling.concurrent.ExecutorConfigurationSupport#initialize [TID:N/A] [main] Initializing ExecutorService 'threadPoolTaskExecutor'
2020-08-14 11:18:08,761 INFO com.yijiupi.framework.logger.LogPatternAutoConfiguration#load [TID:N/A] [main] Ready to read source log4j2.xml 
2020-08-14 11:18:08,762 INFO com.yijiupi.framework.logger.LogPatternAutoConfiguration#load [TID:N/A] [main] Write new config content to log4j2.xml
2020-08-14 11:18:10,553 INFO org.springframework.boot.StartupInfoLogger#logStarted [TID:N/A] [main] Started OptionalTest in 6.149 seconds (JVM running for 8.983)
2020-08-14 11:18:10,973 INFO org.springframework.scheduling.concurrent.ExecutorConfigurationSupport#shutdown [TID:N/A] [SpringContextShutdownHook] Shutting down ExecutorService 'threadPoolTaskExecutor'
2020-08-14 11:18:10,974 INFO org.springframework.scheduling.concurrent.ExecutorConfigurationSupport#shutdown [TID:N/A] [SpringContextShutdownHook] Shutting down ExecutorService 'threadPoolTaskScheduler'
2020-08-14 14:12:13,214 INFO org.springframework.test.context.support.AbstractTestContextBootstrapper#buildDefaultMergedContextConfiguration [TID:N/A] [main] Neither @ContextConfiguration nor @ContextHierarchy found for test class [com.example.springbootdemo.OptionalTest], using SpringBootContextLoader
2020-08-14 14:12:13,234 INFO org.springframework.test.context.support.AbstractContextLoader#generateDefaultLocations [TID:N/A] [main] Could not detect default resource locations for test class [com.example.springbootdemo.OptionalTest]: no resource found for suffixes {-context.xml, Context.groovy}.
2020-08-14 14:12:13,235 INFO org.springframework.test.context.support.AnnotationConfigContextLoaderUtils#detectDefaultConfigurationClasses [TID:N/A] [main] Could not detect default configuration classes for test class [com.example.springbootdemo.OptionalTest]: OptionalTest does not declare any static, non-private, non-final, nested classes annotated with @Configuration.
2020-08-14 14:12:13,443 INFO org.springframework.boot.test.context.SpringBootTestContextBootstrapper#getOrFindConfigurationClasses [TID:N/A] [main] Found @SpringBootConfiguration com.example.springbootdemo.SpringbootDemoApplication for test class com.example.springbootdemo.OptionalTest
2020-08-14 14:12:13,611 INFO org.springframework.test.context.support.AbstractTestContextBootstrapper#getDefaultTestExecutionListenerClassNames [TID:N/A] [main] Loaded default TestExecutionListener class names from location [META-INF/spring.factories]: [org.springframework.boot.test.mock.mockito.MockitoTestExecutionListener, org.springframework.boot.test.mock.mockito.ResetMocksTestExecutionListener, org.springframework.boot.test.autoconfigure.restdocs.RestDocsTestExecutionListener, org.springframework.boot.test.autoconfigure.web.client.MockRestServiceServerResetTestExecutionListener, org.springframework.boot.test.autoconfigure.web.servlet.MockMvcPrintOnlyOnFailureTestExecutionListener, org.springframework.boot.test.autoconfigure.web.servlet.WebDriverTestExecutionListener, org.springframework.boot.test.autoconfigure.webservices.client.MockWebServiceServerTestExecutionListener, org.springframework.test.context.web.ServletTestExecutionListener, org.springframework.test.context.support.DirtiesContextBeforeModesTestExecutionListener, org.springframework.test.context.support.DependencyInjectionTestExecutionListener, org.springframework.test.context.support.DirtiesContextTestExecutionListener, org.springframework.test.context.transaction.TransactionalTestExecutionListener, org.springframework.test.context.jdbc.SqlScriptsTestExecutionListener, org.springframework.test.context.event.EventPublishingTestExecutionListener]
2020-08-14 14:12:13,637 INFO org.springframework.test.context.support.AbstractTestContextBootstrapper#getTestExecutionListeners [TID:N/A] [main] Using TestExecutionListeners: [org.springframework.test.context.web.ServletTestExecutionListener@4af0df05, org.springframework.test.context.support.DirtiesContextBeforeModesTestExecutionListener@57ea113a, org.springframework.boot.test.mock.mockito.MockitoTestExecutionListener@acdb094, org.springframework.boot.test.autoconfigure.SpringBootDependencyInjectionTestExecutionListener@674bd420, org.springframework.test.context.support.DirtiesContextTestExecutionListener@2b0f373b, org.springframework.test.context.transaction.TransactionalTestExecutionListener@2ceb80a1, org.springframework.test.context.jdbc.SqlScriptsTestExecutionListener@4b45dcb8, org.springframework.test.context.event.EventPublishingTestExecutionListener@7216fb24, org.springframework.boot.test.mock.mockito.ResetMocksTestExecutionListener@2072acb2, org.springframework.boot.test.autoconfigure.restdocs.RestDocsTestExecutionListener@50ecde95, org.springframework.boot.test.autoconfigure.web.client.MockRestServiceServerResetTestExecutionListener@35a9782c, org.springframework.boot.test.autoconfigure.web.servlet.MockMvcPrintOnlyOnFailureTestExecutionListener@70a36a66, org.springframework.boot.test.autoconfigure.web.servlet.WebDriverTestExecutionListener@45815ffc, org.springframework.boot.test.autoconfigure.webservices.client.MockWebServiceServerTestExecutionListener@732f29af]
2020-08-14 14:12:14,325 INFO org.springframework.boot.StartupInfoLogger#logStarting [TID:N/A] [main] Starting OptionalTest on Mr-shu-the-windows with PID 26872 (started by shuwending in D:\yijiupi_code\easysale-saas\springboot-demo)
2020-08-14 14:12:14,335 INFO org.springframework.boot.SpringApplication#logStartupProfileInfo [TID:N/A] [main] No active profile set, falling back to default profiles: default
2020-08-14 14:12:16,179 INFO org.springframework.data.repository.config.RepositoryConfigurationDelegate#multipleStoresDetected [TID:N/A] [main] Multiple Spring Data modules found, entering strict repository configuration mode!
2020-08-14 14:12:16,187 INFO org.springframework.data.repository.config.RepositoryConfigurationDelegate#registerRepositoriesIn [TID:N/A] [main] Bootstrapping Spring Data Redis repositories in DEFAULT mode.
2020-08-14 14:12:16,246 INFO org.springframework.data.repository.config.RepositoryConfigurationDelegate#registerRepositoriesIn [TID:N/A] [main] Finished Spring Data repository scanning in 37ms. Found 0 Redis repository interfaces.
2020-08-14 14:12:16,989 INFO org.springframework.context.support.PostProcessorRegistrationDelegate$BeanPostProcessorChecker#postProcessAfterInitialization [TID:N/A] [main] Bean 'asyncConfig' of type [com.example.springbootdemo.scheduled.config.AsyncConfig$$EnhancerBySpringCGLIB$$2d3e16c2] is not eligible for getting processed by all BeanPostProcessors (for example: not eligible for auto-proxying)
2020-08-14 14:12:17,501 INFO org.springframework.scheduling.concurrent.ExecutorConfigurationSupport#initialize [TID:N/A] [main] Initializing ExecutorService
2020-08-14 14:12:17,530 INFO org.springframework.scheduling.concurrent.ExecutorConfigurationSupport#initialize [TID:N/A] [main] Initializing ExecutorService 'threadPoolTaskScheduler'
2020-08-14 14:12:18,217 INFO org.springframework.scheduling.concurrent.ExecutorConfigurationSupport#initialize [TID:N/A] [main] Initializing ExecutorService
2020-08-14 14:12:18,237 INFO org.springframework.scheduling.concurrent.ExecutorConfigurationSupport#initialize [TID:N/A] [main] Initializing ExecutorService 'threadPoolTaskExecutor'
2020-08-14 14:12:19,573 INFO com.yijiupi.framework.logger.LogPatternAutoConfiguration#load [TID:N/A] [main] Ready to read source log4j2.xml 
2020-08-14 14:12:19,574 INFO com.yijiupi.framework.logger.LogPatternAutoConfiguration#load [TID:N/A] [main] Write new config content to log4j2.xml
2020-08-14 14:12:21,414 INFO org.springframework.boot.StartupInfoLogger#logStarted [TID:N/A] [main] Started OptionalTest in 7.621 seconds (JVM running for 10.302)
2020-08-14 14:12:22,032 INFO org.springframework.scheduling.concurrent.ExecutorConfigurationSupport#shutdown [TID:N/A] [SpringContextShutdownHook] Shutting down ExecutorService 'threadPoolTaskExecutor'
2020-08-14 14:12:22,033 INFO org.springframework.scheduling.concurrent.ExecutorConfigurationSupport#shutdown [TID:N/A] [SpringContextShutdownHook] Shutting down ExecutorService 'threadPoolTaskScheduler'
2020-08-14 14:15:38,434 INFO org.springframework.test.context.support.AbstractTestContextBootstrapper#buildDefaultMergedContextConfiguration [TID:N/A] [main] Neither @ContextConfiguration nor @ContextHierarchy found for test class [com.example.springbootdemo.OptionalTest], using SpringBootContextLoader
2020-08-14 14:15:38,460 INFO org.springframework.test.context.support.AbstractContextLoader#generateDefaultLocations [TID:N/A] [main] Could not detect default resource locations for test class [com.example.springbootdemo.OptionalTest]: no resource found for suffixes {-context.xml, Context.groovy}.
2020-08-14 14:15:38,462 INFO org.springframework.test.context.support.AnnotationConfigContextLoaderUtils#detectDefaultConfigurationClasses [TID:N/A] [main] Could not detect default configuration classes for test class [com.example.springbootdemo.OptionalTest]: OptionalTest does not declare any static, non-private, non-final, nested classes annotated with @Configuration.
2020-08-14 14:15:38,614 INFO org.springframework.test.context.support.AbstractTestContextBootstrapper#buildDefaultMergedContextConfiguration [TID:N/A] [main] Neither @ContextConfiguration nor @ContextHierarchy found for test class [com.example.springbootdemo.OptionalTest], using SpringBootContextLoader
2020-08-14 14:15:38,645 INFO org.springframework.test.context.support.AbstractContextLoader#generateDefaultLocations [TID:N/A] [main] Could not detect default resource locations for test class [com.example.springbootdemo.OptionalTest]: no resource found for suffixes {-context.xml, Context.groovy}.
2020-08-14 14:15:38,649 INFO org.springframework.test.context.support.AnnotationConfigContextLoaderUtils#detectDefaultConfigurationClasses [TID:N/A] [main] Could not detect default configuration classes for test class [com.example.springbootdemo.OptionalTest]: OptionalTest does not declare any static, non-private, non-final, nested classes annotated with @Configuration.
2020-08-14 14:15:38,789 INFO org.springframework.boot.test.context.SpringBootTestContextBootstrapper#getOrFindConfigurationClasses [TID:N/A] [main] Found @SpringBootConfiguration com.example.springbootdemo.SpringbootDemoApplication for test class com.example.springbootdemo.OptionalTest
2020-08-14 14:15:38,938 INFO org.springframework.boot.test.context.SpringBootTestContextBootstrapper#getOrFindConfigurationClasses [TID:N/A] [main] Found @SpringBootConfiguration com.example.springbootdemo.SpringbootDemoApplication for test class com.example.springbootdemo.OptionalTest
2020-08-14 14:15:39,038 INFO org.springframework.test.context.support.AbstractTestContextBootstrapper#getDefaultTestExecutionListenerClassNames [TID:N/A] [main] Loaded default TestExecutionListener class names from location [META-INF/spring.factories]: [org.springframework.boot.test.mock.mockito.MockitoTestExecutionListener, org.springframework.boot.test.mock.mockito.ResetMocksTestExecutionListener, org.springframework.boot.test.autoconfigure.restdocs.RestDocsTestExecutionListener, org.springframework.boot.test.autoconfigure.web.client.MockRestServiceServerResetTestExecutionListener, org.springframework.boot.test.autoconfigure.web.servlet.MockMvcPrintOnlyOnFailureTestExecutionListener, org.springframework.boot.test.autoconfigure.web.servlet.WebDriverTestExecutionListener, org.springframework.boot.test.autoconfigure.webservices.client.MockWebServiceServerTestExecutionListener, org.springframework.test.context.web.ServletTestExecutionListener, org.springframework.test.context.support.DirtiesContextBeforeModesTestExecutionListener, org.springframework.test.context.support.DependencyInjectionTestExecutionListener, org.springframework.test.context.support.DirtiesContextTestExecutionListener, org.springframework.test.context.transaction.TransactionalTestExecutionListener, org.springframework.test.context.jdbc.SqlScriptsTestExecutionListener, org.springframework.test.context.event.EventPublishingTestExecutionListener]
2020-08-14 14:15:39,103 INFO org.springframework.test.context.support.AbstractTestContextBootstrapper#getTestExecutionListeners [TID:N/A] [main] Using TestExecutionListeners: [org.springframework.test.context.web.ServletTestExecutionListener@45815ffc, org.springframework.test.context.support.DirtiesContextBeforeModesTestExecutionListener@732f29af, org.springframework.boot.test.mock.mockito.MockitoTestExecutionListener@d3957fe, org.springframework.boot.test.autoconfigure.SpringBootDependencyInjectionTestExecutionListener@6622fc65, org.springframework.test.context.support.DirtiesContextTestExecutionListener@299321e2, org.springframework.test.context.transaction.TransactionalTestExecutionListener@23fb172e, org.springframework.test.context.jdbc.SqlScriptsTestExecutionListener@64ba3208, org.springframework.test.context.event.EventPublishingTestExecutionListener@158a3b2e, org.springframework.boot.test.mock.mockito.ResetMocksTestExecutionListener@25a6944c, org.springframework.boot.test.autoconfigure.restdocs.RestDocsTestExecutionListener@5e1fa5b1, org.springframework.boot.test.autoconfigure.web.client.MockRestServiceServerResetTestExecutionListener@6b00f608, org.springframework.boot.test.autoconfigure.web.servlet.MockMvcPrintOnlyOnFailureTestExecutionListener@2f17e30d, org.springframework.boot.test.autoconfigure.web.servlet.WebDriverTestExecutionListener@3e821657, org.springframework.boot.test.autoconfigure.webservices.client.MockWebServiceServerTestExecutionListener@1d131e1b]
2020-08-14 14:15:39,140 INFO org.springframework.test.context.support.AbstractTestContextBootstrapper#getDefaultTestExecutionListenerClassNames [TID:N/A] [main] Loaded default TestExecutionListener class names from location [META-INF/spring.factories]: [org.springframework.boot.test.mock.mockito.MockitoTestExecutionListener, org.springframework.boot.test.mock.mockito.ResetMocksTestExecutionListener, org.springframework.boot.test.autoconfigure.restdocs.RestDocsTestExecutionListener, org.springframework.boot.test.autoconfigure.web.client.MockRestServiceServerResetTestExecutionListener, org.springframework.boot.test.autoconfigure.web.servlet.MockMvcPrintOnlyOnFailureTestExecutionListener, org.springframework.boot.test.autoconfigure.web.servlet.WebDriverTestExecutionListener, org.springframework.boot.test.autoconfigure.webservices.client.MockWebServiceServerTestExecutionListener, org.springframework.test.context.web.ServletTestExecutionListener, org.springframework.test.context.support.DirtiesContextBeforeModesTestExecutionListener, org.springframework.test.context.support.DependencyInjectionTestExecutionListener, org.springframework.test.context.support.DirtiesContextTestExecutionListener, org.springframework.test.context.transaction.TransactionalTestExecutionListener, org.springframework.test.context.jdbc.SqlScriptsTestExecutionListener, org.springframework.test.context.event.EventPublishingTestExecutionListener]
2020-08-14 14:15:39,176 INFO org.springframework.test.context.support.AbstractTestContextBootstrapper#getTestExecutionListeners [TID:N/A] [main] Using TestExecutionListeners: [org.springframework.test.context.web.ServletTestExecutionListener@4af0df05, org.springframework.test.context.support.DirtiesContextBeforeModesTestExecutionListener@57ea113a, org.springframework.boot.test.mock.mockito.MockitoTestExecutionListener@acdb094, org.springframework.boot.test.autoconfigure.SpringBootDependencyInjectionTestExecutionListener@674bd420, org.springframework.test.context.support.DirtiesContextTestExecutionListener@2b0f373b, org.springframework.test.context.transaction.TransactionalTestExecutionListener@2ceb80a1, org.springframework.test.context.jdbc.SqlScriptsTestExecutionListener@4b45dcb8, org.springframework.test.context.event.EventPublishingTestExecutionListener@7216fb24, org.springframework.boot.test.mock.mockito.ResetMocksTestExecutionListener@2072acb2, org.springframework.boot.test.autoconfigure.restdocs.RestDocsTestExecutionListener@50ecde95, org.springframework.boot.test.autoconfigure.web.client.MockRestServiceServerResetTestExecutionListener@35a9782c, org.springframework.boot.test.autoconfigure.web.servlet.MockMvcPrintOnlyOnFailureTestExecutionListener@70a36a66, org.springframework.boot.test.autoconfigure.web.servlet.WebDriverTestExecutionListener@45815ffc, org.springframework.boot.test.autoconfigure.webservices.client.MockWebServiceServerTestExecutionListener@732f29af]
2020-08-14 14:15:39,755 INFO org.springframework.boot.StartupInfoLogger#logStarting [TID:N/A] [main] Starting OptionalTest on Mr-shu-the-windows with PID 16608 (started by shuwending in D:\yijiupi_code\easysale-saas\springboot-demo)
2020-08-14 14:15:39,763 INFO org.springframework.boot.SpringApplication#logStartupProfileInfo [TID:N/A] [main] No active profile set, falling back to default profiles: default
2020-08-14 14:15:39,908 INFO org.springframework.boot.StartupInfoLogger#logStarting [TID:N/A] [main] Starting OptionalTest on Mr-shu-the-windows with PID 26988 (started by shuwending in D:\yijiupi_code\easysale-saas\springboot-demo)
2020-08-14 14:15:39,918 INFO org.springframework.boot.SpringApplication#logStartupProfileInfo [TID:N/A] [main] No active profile set, falling back to default profiles: default
2020-08-14 14:15:41,527 INFO org.springframework.data.repository.config.RepositoryConfigurationDelegate#multipleStoresDetected [TID:N/A] [main] Multiple Spring Data modules found, entering strict repository configuration mode!
2020-08-14 14:15:41,538 INFO org.springframework.data.repository.config.RepositoryConfigurationDelegate#registerRepositoriesIn [TID:N/A] [main] Bootstrapping Spring Data Redis repositories in DEFAULT mode.
2020-08-14 14:15:41,611 INFO org.springframework.data.repository.config.RepositoryConfigurationDelegate#registerRepositoriesIn [TID:N/A] [main] Finished Spring Data repository scanning in 46ms. Found 0 Redis repository interfaces.
2020-08-14 14:15:41,632 INFO org.springframework.data.repository.config.RepositoryConfigurationDelegate#multipleStoresDetected [TID:N/A] [main] Multiple Spring Data modules found, entering strict repository configuration mode!
2020-08-14 14:15:41,639 INFO org.springframework.data.repository.config.RepositoryConfigurationDelegate#registerRepositoriesIn [TID:N/A] [main] Bootstrapping Spring Data Redis repositories in DEFAULT mode.
2020-08-14 14:15:41,713 INFO org.springframework.data.repository.config.RepositoryConfigurationDelegate#registerRepositoriesIn [TID:N/A] [main] Finished Spring Data repository scanning in 42ms. Found 0 Redis repository interfaces.
2020-08-14 14:15:42,249 INFO org.springframework.context.support.PostProcessorRegistrationDelegate$BeanPostProcessorChecker#postProcessAfterInitialization [TID:N/A] [main] Bean 'asyncConfig' of type [com.example.springbootdemo.scheduled.config.AsyncConfig$$EnhancerBySpringCGLIB$$89d603c3] is not eligible for getting processed by all BeanPostProcessors (for example: not eligible for auto-proxying)
2020-08-14 14:15:42,279 INFO org.springframework.context.support.PostProcessorRegistrationDelegate$BeanPostProcessorChecker#postProcessAfterInitialization [TID:N/A] [main] Bean 'asyncConfig' of type [com.example.springbootdemo.scheduled.config.AsyncConfig$$EnhancerBySpringCGLIB$$2d3e16c2] is not eligible for getting processed by all BeanPostProcessors (for example: not eligible for auto-proxying)
2020-08-14 14:15:42,694 INFO org.springframework.scheduling.concurrent.ExecutorConfigurationSupport#initialize [TID:N/A] [main] Initializing ExecutorService
2020-08-14 14:15:42,718 INFO org.springframework.scheduling.concurrent.ExecutorConfigurationSupport#initialize [TID:N/A] [main] Initializing ExecutorService 'threadPoolTaskScheduler'
2020-08-14 14:15:42,729 INFO org.springframework.scheduling.concurrent.ExecutorConfigurationSupport#initialize [TID:N/A] [main] Initializing ExecutorService
2020-08-14 14:15:42,760 INFO org.springframework.scheduling.concurrent.ExecutorConfigurationSupport#initialize [TID:N/A] [main] Initializing ExecutorService 'threadPoolTaskScheduler'
2020-08-14 14:15:43,677 INFO org.springframework.scheduling.concurrent.ExecutorConfigurationSupport#initialize [TID:N/A] [main] Initializing ExecutorService
2020-08-14 14:15:43,720 INFO org.springframework.scheduling.concurrent.ExecutorConfigurationSupport#initialize [TID:N/A] [main] Initializing ExecutorService 'threadPoolTaskExecutor'
2020-08-14 14:15:43,753 INFO org.springframework.scheduling.concurrent.ExecutorConfigurationSupport#initialize [TID:N/A] [main] Initializing ExecutorService
2020-08-14 14:15:43,783 INFO org.springframework.scheduling.concurrent.ExecutorConfigurationSupport#initialize [TID:N/A] [main] Initializing ExecutorService 'threadPoolTaskExecutor'
2020-08-14 14:15:46,045 INFO com.yijiupi.framework.logger.LogPatternAutoConfiguration#load [TID:N/A] [main] Ready to read source log4j2.xml 
2020-08-14 14:15:46,047 INFO com.yijiupi.framework.logger.LogPatternAutoConfiguration#load [TID:N/A] [main] Write new config content to log4j2.xml
2020-08-14 14:15:46,196 INFO com.yijiupi.framework.logger.LogPatternAutoConfiguration#load [TID:N/A] [main] Ready to read source log4j2.xml 
2020-08-14 14:15:46,198 INFO com.yijiupi.framework.logger.LogPatternAutoConfiguration#load [TID:N/A] [main] Write new config content to log4j2.xml
2020-08-14 14:15:50,276 INFO org.springframework.boot.StartupInfoLogger#logStarted [TID:N/A] [main] Started OptionalTest in 11.05 seconds (JVM running for 14.606)
2020-08-14 14:15:50,505 INFO org.springframework.boot.StartupInfoLogger#logStarted [TID:N/A] [main] Started OptionalTest in 11.158 seconds (JVM running for 14.56)
2020-08-14 14:15:51,293 INFO org.springframework.scheduling.concurrent.ExecutorConfigurationSupport#shutdown [TID:N/A] [SpringContextShutdownHook] Shutting down ExecutorService 'threadPoolTaskExecutor'
2020-08-14 14:15:51,295 INFO org.springframework.scheduling.concurrent.ExecutorConfigurationSupport#shutdown [TID:N/A] [SpringContextShutdownHook] Shutting down ExecutorService 'threadPoolTaskScheduler'
2020-08-14 14:15:51,354 INFO org.springframework.scheduling.concurrent.ExecutorConfigurationSupport#shutdown [TID:N/A] [SpringContextShutdownHook] Shutting down ExecutorService 'threadPoolTaskExecutor'
2020-08-14 14:15:51,354 INFO org.springframework.scheduling.concurrent.ExecutorConfigurationSupport#shutdown [TID:N/A] [SpringContextShutdownHook] Shutting down ExecutorService 'threadPoolTaskScheduler'
2020-08-14 14:49:30,983 INFO org.springframework.test.context.support.AbstractTestContextBootstrapper#buildDefaultMergedContextConfiguration [TID:N/A] [main] Neither @ContextConfiguration nor @ContextHierarchy found for test class [com.example.springbootdemo.OptionalTest], using SpringBootContextLoader
2020-08-14 14:49:31,001 INFO org.springframework.test.context.support.AbstractContextLoader#generateDefaultLocations [TID:N/A] [main] Could not detect default resource locations for test class [com.example.springbootdemo.OptionalTest]: no resource found for suffixes {-context.xml, Context.groovy}.
2020-08-14 14:49:31,002 INFO org.springframework.test.context.support.AnnotationConfigContextLoaderUtils#detectDefaultConfigurationClasses [TID:N/A] [main] Could not detect default configuration classes for test class [com.example.springbootdemo.OptionalTest]: OptionalTest does not declare any static, non-private, non-final, nested classes annotated with @Configuration.
2020-08-14 14:49:31,168 INFO org.springframework.boot.test.context.SpringBootTestContextBootstrapper#getOrFindConfigurationClasses [TID:N/A] [main] Found @SpringBootConfiguration com.example.springbootdemo.SpringbootDemoApplication for test class com.example.springbootdemo.OptionalTest
2020-08-14 14:49:31,319 INFO org.springframework.test.context.support.AbstractTestContextBootstrapper#getDefaultTestExecutionListenerClassNames [TID:N/A] [main] Loaded default TestExecutionListener class names from location [META-INF/spring.factories]: [org.springframework.boot.test.mock.mockito.MockitoTestExecutionListener, org.springframework.boot.test.mock.mockito.ResetMocksTestExecutionListener, org.springframework.boot.test.autoconfigure.restdocs.RestDocsTestExecutionListener, org.springframework.boot.test.autoconfigure.web.client.MockRestServiceServerResetTestExecutionListener, org.springframework.boot.test.autoconfigure.web.servlet.MockMvcPrintOnlyOnFailureTestExecutionListener, org.springframework.boot.test.autoconfigure.web.servlet.WebDriverTestExecutionListener, org.springframework.boot.test.autoconfigure.webservices.client.MockWebServiceServerTestExecutionListener, org.springframework.test.context.web.ServletTestExecutionListener, org.springframework.test.context.support.DirtiesContextBeforeModesTestExecutionListener, org.springframework.test.context.support.DependencyInjectionTestExecutionListener, org.springframework.test.context.support.DirtiesContextTestExecutionListener, org.springframework.test.context.transaction.TransactionalTestExecutionListener, org.springframework.test.context.jdbc.SqlScriptsTestExecutionListener, org.springframework.test.context.event.EventPublishingTestExecutionListener]
2020-08-14 14:49:31,341 INFO org.springframework.test.context.support.AbstractTestContextBootstrapper#getTestExecutionListeners [TID:N/A] [main] Using TestExecutionListeners: [org.springframework.test.context.web.ServletTestExecutionListener@4af0df05, org.springframework.test.context.support.DirtiesContextBeforeModesTestExecutionListener@57ea113a, org.springframework.boot.test.mock.mockito.MockitoTestExecutionListener@acdb094, org.springframework.boot.test.autoconfigure.SpringBootDependencyInjectionTestExecutionListener@674bd420, org.springframework.test.context.support.DirtiesContextTestExecutionListener@2b0f373b, org.springframework.test.context.transaction.TransactionalTestExecutionListener@2ceb80a1, org.springframework.test.context.jdbc.SqlScriptsTestExecutionListener@4b45dcb8, org.springframework.test.context.event.EventPublishingTestExecutionListener@7216fb24, org.springframework.boot.test.mock.mockito.ResetMocksTestExecutionListener@2072acb2, org.springframework.boot.test.autoconfigure.restdocs.RestDocsTestExecutionListener@50ecde95, org.springframework.boot.test.autoconfigure.web.client.MockRestServiceServerResetTestExecutionListener@35a9782c, org.springframework.boot.test.autoconfigure.web.servlet.MockMvcPrintOnlyOnFailureTestExecutionListener@70a36a66, org.springframework.boot.test.autoconfigure.web.servlet.WebDriverTestExecutionListener@45815ffc, org.springframework.boot.test.autoconfigure.webservices.client.MockWebServiceServerTestExecutionListener@732f29af]
2020-08-14 14:49:31,794 INFO org.springframework.boot.StartupInfoLogger#logStarting [TID:N/A] [main] Starting OptionalTest on Mr-shu-the-windows with PID 17820 (started by shuwending in D:\yijiupi_code\easysale-saas\springboot-demo)
2020-08-14 14:49:31,799 INFO org.springframework.boot.SpringApplication#logStartupProfileInfo [TID:N/A] [main] No active profile set, falling back to default profiles: default
2020-08-14 14:49:33,281 INFO org.springframework.data.repository.config.RepositoryConfigurationDelegate#multipleStoresDetected [TID:N/A] [main] Multiple Spring Data modules found, entering strict repository configuration mode!
2020-08-14 14:49:33,288 INFO org.springframework.data.repository.config.RepositoryConfigurationDelegate#registerRepositoriesIn [TID:N/A] [main] Bootstrapping Spring Data Redis repositories in DEFAULT mode.
2020-08-14 14:49:33,353 INFO org.springframework.data.repository.config.RepositoryConfigurationDelegate#registerRepositoriesIn [TID:N/A] [main] Finished Spring Data repository scanning in 47ms. Found 0 Redis repository interfaces.
2020-08-14 14:49:33,914 INFO org.springframework.context.support.PostProcessorRegistrationDelegate$BeanPostProcessorChecker#postProcessAfterInitialization [TID:N/A] [main] Bean 'asyncConfig' of type [com.example.springbootdemo.scheduled.config.AsyncConfig$$EnhancerBySpringCGLIB$$9d6af439] is not eligible for getting processed by all BeanPostProcessors (for example: not eligible for auto-proxying)
2020-08-14 14:49:34,268 INFO org.springframework.scheduling.concurrent.ExecutorConfigurationSupport#initialize [TID:N/A] [main] Initializing ExecutorService
2020-08-14 14:49:34,297 INFO org.springframework.scheduling.concurrent.ExecutorConfigurationSupport#initialize [TID:N/A] [main] Initializing ExecutorService 'threadPoolTaskScheduler'
2020-08-14 14:49:34,838 INFO org.springframework.scheduling.concurrent.ExecutorConfigurationSupport#initialize [TID:N/A] [main] Initializing ExecutorService
2020-08-14 14:49:34,859 INFO org.springframework.scheduling.concurrent.ExecutorConfigurationSupport#initialize [TID:N/A] [main] Initializing ExecutorService 'threadPoolTaskExecutor'
2020-08-14 14:49:36,746 INFO com.yijiupi.framework.logger.LogPatternAutoConfiguration#load [TID:N/A] [main] Ready to read source log4j2.xml 
2020-08-14 14:49:36,749 INFO com.yijiupi.framework.logger.LogPatternAutoConfiguration#load [TID:N/A] [main] Write new config content to log4j2.xml
2020-08-14 14:49:38,530 INFO org.springframework.boot.StartupInfoLogger#logStarted [TID:N/A] [main] Started OptionalTest in 7.069 seconds (JVM running for 9.744)
2020-08-14 14:49:38,974 INFO org.springframework.scheduling.concurrent.ExecutorConfigurationSupport#shutdown [TID:N/A] [SpringContextShutdownHook] Shutting down ExecutorService 'threadPoolTaskExecutor'
2020-08-14 14:49:38,975 INFO org.springframework.scheduling.concurrent.ExecutorConfigurationSupport#shutdown [TID:N/A] [SpringContextShutdownHook] Shutting down ExecutorService 'threadPoolTaskScheduler'
2020-08-14 14:58:43,125 INFO org.springframework.test.context.support.AbstractTestContextBootstrapper#buildDefaultMergedContextConfiguration [TID:N/A] [main] Neither @ContextConfiguration nor @ContextHierarchy found for test class [com.example.springbootdemo.OptionalTest], using SpringBootContextLoader
2020-08-14 14:58:43,140 INFO org.springframework.test.context.support.AbstractContextLoader#generateDefaultLocations [TID:N/A] [main] Could not detect default resource locations for test class [com.example.springbootdemo.OptionalTest]: no resource found for suffixes {-context.xml, Context.groovy}.
2020-08-14 14:58:43,141 INFO org.springframework.test.context.support.AnnotationConfigContextLoaderUtils#detectDefaultConfigurationClasses [TID:N/A] [main] Could not detect default configuration classes for test class [com.example.springbootdemo.OptionalTest]: OptionalTest does not declare any static, non-private, non-final, nested classes annotated with @Configuration.
2020-08-14 14:58:43,364 INFO org.springframework.boot.test.context.SpringBootTestContextBootstrapper#getOrFindConfigurationClasses [TID:N/A] [main] Found @SpringBootConfiguration com.example.springbootdemo.SpringbootDemoApplication for test class com.example.springbootdemo.OptionalTest
2020-08-14 14:58:43,561 INFO org.springframework.test.context.support.AbstractTestContextBootstrapper#getDefaultTestExecutionListenerClassNames [TID:N/A] [main] Loaded default TestExecutionListener class names from location [META-INF/spring.factories]: [org.springframework.boot.test.mock.mockito.MockitoTestExecutionListener, org.springframework.boot.test.mock.mockito.ResetMocksTestExecutionListener, org.springframework.boot.test.autoconfigure.restdocs.RestDocsTestExecutionListener, org.springframework.boot.test.autoconfigure.web.client.MockRestServiceServerResetTestExecutionListener, org.springframework.boot.test.autoconfigure.web.servlet.MockMvcPrintOnlyOnFailureTestExecutionListener, org.springframework.boot.test.autoconfigure.web.servlet.WebDriverTestExecutionListener, org.springframework.boot.test.autoconfigure.webservices.client.MockWebServiceServerTestExecutionListener, org.springframework.test.context.web.ServletTestExecutionListener, org.springframework.test.context.support.DirtiesContextBeforeModesTestExecutionListener, org.springframework.test.context.support.DependencyInjectionTestExecutionListener, org.springframework.test.context.support.DirtiesContextTestExecutionListener, org.springframework.test.context.transaction.TransactionalTestExecutionListener, org.springframework.test.context.jdbc.SqlScriptsTestExecutionListener, org.springframework.test.context.event.EventPublishingTestExecutionListener]
2020-08-14 14:58:43,595 INFO org.springframework.test.context.support.AbstractTestContextBootstrapper#getTestExecutionListeners [TID:N/A] [main] Using TestExecutionListeners: [org.springframework.test.context.web.ServletTestExecutionListener@acdb094, org.springframework.test.context.support.DirtiesContextBeforeModesTestExecutionListener@674bd420, org.springframework.boot.test.mock.mockito.MockitoTestExecutionListener@2b0f373b, org.springframework.boot.test.autoconfigure.SpringBootDependencyInjectionTestExecutionListener@2ceb80a1, org.springframework.test.context.support.DirtiesContextTestExecutionListener@4b45dcb8, org.springframework.test.context.transaction.TransactionalTestExecutionListener@7216fb24, org.springframework.test.context.jdbc.SqlScriptsTestExecutionListener@2072acb2, org.springframework.test.context.event.EventPublishingTestExecutionListener@50ecde95, org.springframework.boot.test.mock.mockito.ResetMocksTestExecutionListener@35a9782c, org.springframework.boot.test.autoconfigure.restdocs.RestDocsTestExecutionListener@70a36a66, org.springframework.boot.test.autoconfigure.web.client.MockRestServiceServerResetTestExecutionListener@45815ffc, org.springframework.boot.test.autoconfigure.web.servlet.MockMvcPrintOnlyOnFailureTestExecutionListener@732f29af, org.springframework.boot.test.autoconfigure.web.servlet.WebDriverTestExecutionListener@d3957fe, org.springframework.boot.test.autoconfigure.webservices.client.MockWebServiceServerTestExecutionListener@6622fc65]
2020-08-14 14:58:44,110 INFO org.springframework.boot.StartupInfoLogger#logStarting [TID:N/A] [main] Starting OptionalTest on Mr-shu-the-windows with PID 24228 (started by shuwending in D:\yijiupi_code\easysale-saas\springboot-demo)
2020-08-14 14:58:44,117 INFO org.springframework.boot.SpringApplication#logStartupProfileInfo [TID:N/A] [main] No active profile set, falling back to default profiles: default
2020-08-14 14:58:45,905 INFO org.springframework.data.repository.config.RepositoryConfigurationDelegate#multipleStoresDetected [TID:N/A] [main] Multiple Spring Data modules found, entering strict repository configuration mode!
2020-08-14 14:58:45,911 INFO org.springframework.data.repository.config.RepositoryConfigurationDelegate#registerRepositoriesIn [TID:N/A] [main] Bootstrapping Spring Data Redis repositories in DEFAULT mode.
2020-08-14 14:58:46,008 INFO org.springframework.data.repository.config.RepositoryConfigurationDelegate#registerRepositoriesIn [TID:N/A] [main] Finished Spring Data repository scanning in 66ms. Found 0 Redis repository interfaces.
2020-08-14 14:58:46,647 INFO org.springframework.context.support.PostProcessorRegistrationDelegate$BeanPostProcessorChecker#postProcessAfterInitialization [TID:N/A] [main] Bean 'asyncConfig' of type [com.example.springbootdemo.scheduled.config.AsyncConfig$$EnhancerBySpringCGLIB$$f5fa2d78] is not eligible for getting processed by all BeanPostProcessors (for example: not eligible for auto-proxying)
2020-08-14 14:58:47,088 INFO org.springframework.scheduling.concurrent.ExecutorConfigurationSupport#initialize [TID:N/A] [main] Initializing ExecutorService
2020-08-14 14:58:47,112 INFO org.springframework.scheduling.concurrent.ExecutorConfigurationSupport#initialize [TID:N/A] [main] Initializing ExecutorService 'threadPoolTaskScheduler'
2020-08-14 14:58:47,695 INFO org.springframework.scheduling.concurrent.ExecutorConfigurationSupport#initialize [TID:N/A] [main] Initializing ExecutorService
2020-08-14 14:58:47,715 INFO org.springframework.scheduling.concurrent.ExecutorConfigurationSupport#initialize [TID:N/A] [main] Initializing ExecutorService 'threadPoolTaskExecutor'
2020-08-14 14:58:48,977 INFO com.yijiupi.framework.logger.LogPatternAutoConfiguration#load [TID:N/A] [main] Ready to read source log4j2.xml 
2020-08-14 14:58:48,978 INFO com.yijiupi.framework.logger.LogPatternAutoConfiguration#load [TID:N/A] [main] Write new config content to log4j2.xml
2020-08-14 14:58:50,960 INFO org.springframework.boot.StartupInfoLogger#logStarted [TID:N/A] [main] Started OptionalTest in 7.192 seconds (JVM running for 10.157)
2020-08-14 14:58:51,472 INFO org.springframework.scheduling.concurrent.ExecutorConfigurationSupport#shutdown [TID:N/A] [SpringContextShutdownHook] Shutting down ExecutorService 'threadPoolTaskExecutor'
2020-08-14 14:58:51,473 INFO org.springframework.scheduling.concurrent.ExecutorConfigurationSupport#shutdown [TID:N/A] [SpringContextShutdownHook] Shutting down ExecutorService 'threadPoolTaskScheduler'
2020-08-14 15:01:16,440 INFO org.springframework.test.context.support.AbstractTestContextBootstrapper#buildDefaultMergedContextConfiguration [TID:N/A] [main] Neither @ContextConfiguration nor @ContextHierarchy found for test class [com.example.springbootdemo.GuavaTest], using SpringBootContextLoader
2020-08-14 15:01:16,455 INFO org.springframework.test.context.support.AbstractContextLoader#generateDefaultLocations [TID:N/A] [main] Could not detect default resource locations for test class [com.example.springbootdemo.GuavaTest]: no resource found for suffixes {-context.xml, Context.groovy}.
2020-08-14 15:01:16,456 INFO org.springframework.test.context.support.AnnotationConfigContextLoaderUtils#detectDefaultConfigurationClasses [TID:N/A] [main] Could not detect default configuration classes for test class [com.example.springbootdemo.GuavaTest]: GuavaTest does not declare any static, non-private, non-final, nested classes annotated with @Configuration.
2020-08-14 15:01:16,621 INFO org.springframework.boot.test.context.SpringBootTestContextBootstrapper#getOrFindConfigurationClasses [TID:N/A] [main] Found @SpringBootConfiguration com.example.springbootdemo.SpringbootDemoApplication for test class com.example.springbootdemo.GuavaTest
2020-08-14 15:01:16,773 INFO org.springframework.test.context.support.AbstractTestContextBootstrapper#getDefaultTestExecutionListenerClassNames [TID:N/A] [main] Loaded default TestExecutionListener class names from location [META-INF/spring.factories]: [org.springframework.boot.test.mock.mockito.MockitoTestExecutionListener, org.springframework.boot.test.mock.mockito.ResetMocksTestExecutionListener, org.springframework.boot.test.autoconfigure.restdocs.RestDocsTestExecutionListener, org.springframework.boot.test.autoconfigure.web.client.MockRestServiceServerResetTestExecutionListener, org.springframework.boot.test.autoconfigure.web.servlet.MockMvcPrintOnlyOnFailureTestExecutionListener, org.springframework.boot.test.autoconfigure.web.servlet.WebDriverTestExecutionListener, org.springframework.boot.test.autoconfigure.webservices.client.MockWebServiceServerTestExecutionListener, org.springframework.test.context.web.ServletTestExecutionListener, org.springframework.test.context.support.DirtiesContextBeforeModesTestExecutionListener, org.springframework.test.context.support.DependencyInjectionTestExecutionListener, org.springframework.test.context.support.DirtiesContextTestExecutionListener, org.springframework.test.context.transaction.TransactionalTestExecutionListener, org.springframework.test.context.jdbc.SqlScriptsTestExecutionListener, org.springframework.test.context.event.EventPublishingTestExecutionListener]
2020-08-14 15:01:16,808 INFO org.springframework.test.context.support.AbstractTestContextBootstrapper#getTestExecutionListeners [TID:N/A] [main] Using TestExecutionListeners: [org.springframework.test.context.web.ServletTestExecutionListener@4d9ac0b4, org.springframework.test.context.support.DirtiesContextBeforeModesTestExecutionListener@130dca52, org.springframework.boot.test.mock.mockito.MockitoTestExecutionListener@2654635, org.springframework.boot.test.autoconfigure.SpringBootDependencyInjectionTestExecutionListener@737a135b, org.springframework.test.context.support.DirtiesContextTestExecutionListener@687ef2e0, org.springframework.test.context.transaction.TransactionalTestExecutionListener@15dcfae7, org.springframework.test.context.jdbc.SqlScriptsTestExecutionListener@3da05287, org.springframework.test.context.event.EventPublishingTestExecutionListener@1e636ea3, org.springframework.boot.test.mock.mockito.ResetMocksTestExecutionListener@115667d, org.springframework.boot.test.autoconfigure.restdocs.RestDocsTestExecutionListener@736caf7a, org.springframework.boot.test.autoconfigure.web.client.MockRestServiceServerResetTestExecutionListener@4ce7fffa, org.springframework.boot.test.autoconfigure.web.servlet.MockMvcPrintOnlyOnFailureTestExecutionListener@497486b3, org.springframework.boot.test.autoconfigure.web.servlet.WebDriverTestExecutionListener@63f8276e, org.springframework.boot.test.autoconfigure.webservices.client.MockWebServiceServerTestExecutionListener@75f95314]
2020-08-14 15:01:17,360 INFO org.springframework.boot.StartupInfoLogger#logStarting [TID:N/A] [main] Starting GuavaTest on Mr-shu-the-windows with PID 2516 (started by shuwending in D:\yijiupi_code\easysale-saas\springboot-demo)
2020-08-14 15:01:17,386 INFO org.springframework.boot.SpringApplication#logStartupProfileInfo [TID:N/A] [main] No active profile set, falling back to default profiles: default
2020-08-14 15:01:19,310 INFO org.springframework.data.repository.config.RepositoryConfigurationDelegate#multipleStoresDetected [TID:N/A] [main] Multiple Spring Data modules found, entering strict repository configuration mode!
2020-08-14 15:01:19,315 INFO org.springframework.data.repository.config.RepositoryConfigurationDelegate#registerRepositoriesIn [TID:N/A] [main] Bootstrapping Spring Data Redis repositories in DEFAULT mode.
2020-08-14 15:01:19,363 INFO org.springframework.data.repository.config.RepositoryConfigurationDelegate#registerRepositoriesIn [TID:N/A] [main] Finished Spring Data repository scanning in 32ms. Found 0 Redis repository interfaces.
2020-08-14 15:01:19,884 INFO org.springframework.context.support.PostProcessorRegistrationDelegate$BeanPostProcessorChecker#postProcessAfterInitialization [TID:N/A] [main] Bean 'asyncConfig' of type [com.example.springbootdemo.scheduled.config.AsyncConfig$$EnhancerBySpringCGLIB$$a6625b21] is not eligible for getting processed by all BeanPostProcessors (for example: not eligible for auto-proxying)
2020-08-14 15:01:20,278 INFO org.springframework.scheduling.concurrent.ExecutorConfigurationSupport#initialize [TID:N/A] [main] Initializing ExecutorService
2020-08-14 15:01:20,295 INFO org.springframework.scheduling.concurrent.ExecutorConfigurationSupport#initialize [TID:N/A] [main] Initializing ExecutorService 'threadPoolTaskScheduler'
2020-08-14 15:01:20,776 INFO org.springframework.scheduling.concurrent.ExecutorConfigurationSupport#initialize [TID:N/A] [main] Initializing ExecutorService
2020-08-14 15:01:20,797 INFO org.springframework.scheduling.concurrent.ExecutorConfigurationSupport#initialize [TID:N/A] [main] Initializing ExecutorService 'threadPoolTaskExecutor'
2020-08-14 15:01:21,912 INFO com.yijiupi.framework.logger.LogPatternAutoConfiguration#load [TID:N/A] [main] Ready to read source log4j2.xml 
2020-08-14 15:01:21,914 INFO com.yijiupi.framework.logger.LogPatternAutoConfiguration#load [TID:N/A] [main] Write new config content to log4j2.xml
2020-08-14 15:01:23,769 INFO org.springframework.boot.StartupInfoLogger#logStarted [TID:N/A] [main] Started GuavaTest in 6.887 seconds (JVM running for 9.432)
2020-08-14 15:01:24,236 INFO org.springframework.scheduling.concurrent.ExecutorConfigurationSupport#shutdown [TID:N/A] [SpringContextShutdownHook] Shutting down ExecutorService 'threadPoolTaskExecutor'
2020-08-14 15:01:24,237 INFO org.springframework.scheduling.concurrent.ExecutorConfigurationSupport#shutdown [TID:N/A] [SpringContextShutdownHook] Shutting down ExecutorService 'threadPoolTaskScheduler'
