2020-09-27 17:03:14.967 [main] INFO  com.example.springbootdemo.LogTest - Starting LogTest on Mr-shu-of-windows with PID 13408 (started by shuwending in D:\yijiupi_code\easysale-saas\springboot-demo)
2020-09-27 17:03:14.968 [main] INFO  com.example.springbootdemo.LogTest - No active profile set, falling back to default profiles: default
2020-09-27 17:03:15.048 [main] INFO  o.s.w.context.support.GenericWebApplicationContext - Refreshing org.springframework.web.context.support.GenericWebApplicationContext@33065d67: startup date [Sun Sep 27 17:03:15 CST 2020]; root of context hierarchy
2020-09-27 17:03:15.569 [background-preinit] INFO  org.hibernate.validator.internal.util.Version - HV000001: Hibernate Validator 5.3.6.Final
2020-09-27 17:03:16.689 [main] INFO  o.s.d.r.config.RepositoryConfigurationDelegate - Multiple Spring Data modules found, entering strict repository configuration mode!
2020-09-27 17:03:17.675 [main] INFO  o.s.c.s.PostProcessorRegistrationDelegate$BeanPostProcessorChecker - Bean 'org.springframework.amqp.rabbit.annotation.RabbitBootstrapConfiguration' of type [org.springframework.amqp.rabbit.annotation.RabbitBootstrapConfiguration$$EnhancerBySpringCGLIB$$d39151d3] is not eligible for getting processed by all BeanPostProcessors (for example: not eligible for auto-proxying)
2020-09-27 17:03:20.712 [main] INFO  o.s.w.s.m.m.a.RequestMappingHandlerAdapter - Looking for @ControllerAdvice: org.springframework.web.context.support.GenericWebApplicationContext@33065d67: startup date [Sun Sep 27 17:03:15 CST 2020]; root of context hierarchy
2020-09-27 17:03:21.137 [main] INFO  o.s.w.s.m.m.a.RequestMappingHandlerMapping - Mapped "{[/rateLimiter/sayHi],methods=[GET]}" onto public java.lang.String com.example.springbootdemo.guava.controller.RateLimiterController.sayHi()
2020-09-27 17:03:21.139 [main] INFO  o.s.w.s.m.m.a.RequestMappingHandlerMapping - Mapped "{[/rateLimiter/sayHello],methods=[GET]}" onto public java.lang.String com.example.springbootdemo.guava.controller.RateLimiterController.sayHello()
2020-09-27 17:03:21.143 [main] INFO  o.s.w.s.m.m.a.RequestMappingHandlerMapping - Mapped "{[/test/test01],methods=[POST]}" onto public java.lang.String com.example.springbootdemo.scheduled.contorller.TestController.test01(com.example.springbootdemo.scheduled.bean.Temp)
2020-09-27 17:03:21.144 [main] INFO  o.s.w.s.m.m.a.RequestMappingHandlerMapping - Mapped "{[/test/test02],methods=[POST]}" onto public void com.example.springbootdemo.scheduled.contorller.TestController.sendTsMessage(com.alibaba.fastjson.JSONObject)
2020-09-27 17:03:21.144 [main] INFO  o.s.w.s.m.m.a.RequestMappingHandlerMapping - Mapped "{[/test/test03],methods=[POST]}" onto public java.lang.String com.example.springbootdemo.scheduled.contorller.TestController.test03(com.alibaba.fastjson.JSONObject)
2020-09-27 17:03:21.147 [main] INFO  o.s.w.s.m.m.a.RequestMappingHandlerMapping - Mapped "{[/error]}" onto public org.springframework.http.ResponseEntity<java.util.Map<java.lang.String, java.lang.Object>> org.springframework.boot.autoconfigure.web.BasicErrorController.error(javax.servlet.http.HttpServletRequest)
2020-09-27 17:03:21.148 [main] INFO  o.s.w.s.m.m.a.RequestMappingHandlerMapping - Mapped "{[/error],produces=[text/html]}" onto public org.springframework.web.servlet.ModelAndView org.springframework.boot.autoconfigure.web.BasicErrorController.errorHtml(javax.servlet.http.HttpServletRequest,javax.servlet.http.HttpServletResponse)
2020-09-27 17:03:21.227 [main] INFO  o.s.web.servlet.handler.SimpleUrlHandlerMapping - Mapped URL path [/webjars/**] onto handler of type [class org.springframework.web.servlet.resource.ResourceHttpRequestHandler]
2020-09-27 17:03:21.228 [main] INFO  o.s.web.servlet.handler.SimpleUrlHandlerMapping - Mapped URL path [/**] onto handler of type [class org.springframework.web.servlet.resource.ResourceHttpRequestHandler]
2020-09-27 17:03:21.256 [main] INFO  o.s.w.s.m.m.a.ExceptionHandlerExceptionResolver - Detected @ExceptionHandler methods in badRequestExceptionHandler
2020-09-27 17:03:21.308 [main] INFO  o.s.web.servlet.handler.SimpleUrlHandlerMapping - Mapped URL path [/**/favicon.ico] onto handler of type [class org.springframework.web.servlet.resource.ResourceHttpRequestHandler]
2020-09-27 17:03:21.607 [main] INFO  c.y.framework.logger.LogPatternAutoConfiguration - Ready to read source log4j2.xml 
2020-09-27 17:03:21.608 [main] INFO  c.y.framework.logger.LogPatternAutoConfiguration - Write new config content to log4j2.xml
2020-09-27 17:03:22.690 [main] INFO  o.s.context.support.DefaultLifecycleProcessor - Starting beans in phase 2147483647
2020-09-27 17:03:22.715 [main] INFO  com.example.springbootdemo.LogTest - Started LogTest in 8.578 seconds (JVM running for 9.988)
2020-09-27 17:03:22.780 [main] INFO  com.example.springbootdemo.LogTest - 普通信息
2020-09-27 17:03:22.789 [Thread-5] INFO  o.s.w.context.support.GenericWebApplicationContext - Closing org.springframework.web.context.support.GenericWebApplicationContext@33065d67: startup date [Sun Sep 27 17:03:15 CST 2020]; root of context hierarchy
2020-09-27 17:03:22.794 [Thread-5] INFO  o.s.context.support.DefaultLifecycleProcessor - Stopping beans in phase 2147483647
2020-09-27 17:03:54.398 [main] INFO  com.example.springbootdemo.LogTest - Starting LogTest on Mr-shu-of-windows with PID 6912 (started by shuwending in D:\yijiupi_code\easysale-saas\springboot-demo)
2020-09-27 17:03:54.399 [main] INFO  com.example.springbootdemo.LogTest - No active profile set, falling back to default profiles: default
2020-09-27 17:03:54.509 [main] INFO  o.s.w.context.support.GenericWebApplicationContext - Refreshing org.springframework.web.context.support.GenericWebApplicationContext@75437611: startup date [Sun Sep 27 17:03:54 CST 2020]; root of context hierarchy
2020-09-27 17:03:55.019 [background-preinit] INFO  org.hibernate.validator.internal.util.Version - HV000001: Hibernate Validator 5.3.6.Final
2020-09-27 17:03:56.397 [main] INFO  o.s.d.r.config.RepositoryConfigurationDelegate - Multiple Spring Data modules found, entering strict repository configuration mode!
2020-09-27 17:03:57.530 [main] INFO  o.s.c.s.PostProcessorRegistrationDelegate$BeanPostProcessorChecker - Bean 'org.springframework.amqp.rabbit.annotation.RabbitBootstrapConfiguration' of type [org.springframework.amqp.rabbit.annotation.RabbitBootstrapConfiguration$$EnhancerBySpringCGLIB$$f525eabc] is not eligible for getting processed by all BeanPostProcessors (for example: not eligible for auto-proxying)
2020-09-27 17:04:00.666 [main] INFO  o.s.w.s.m.m.a.RequestMappingHandlerAdapter - Looking for @ControllerAdvice: org.springframework.web.context.support.GenericWebApplicationContext@75437611: startup date [Sun Sep 27 17:03:54 CST 2020]; root of context hierarchy
2020-09-27 17:04:01.185 [main] INFO  o.s.w.s.m.m.a.RequestMappingHandlerMapping - Mapped "{[/rateLimiter/sayHi],methods=[GET]}" onto public java.lang.String com.example.springbootdemo.guava.controller.RateLimiterController.sayHi()
2020-09-27 17:04:01.187 [main] INFO  o.s.w.s.m.m.a.RequestMappingHandlerMapping - Mapped "{[/rateLimiter/sayHello],methods=[GET]}" onto public java.lang.String com.example.springbootdemo.guava.controller.RateLimiterController.sayHello()
2020-09-27 17:04:01.195 [main] INFO  o.s.w.s.m.m.a.RequestMappingHandlerMapping - Mapped "{[/test/test01],methods=[POST]}" onto public java.lang.String com.example.springbootdemo.scheduled.contorller.TestController.test01(com.example.springbootdemo.scheduled.bean.Temp)
2020-09-27 17:04:01.196 [main] INFO  o.s.w.s.m.m.a.RequestMappingHandlerMapping - Mapped "{[/test/test02],methods=[POST]}" onto public void com.example.springbootdemo.scheduled.contorller.TestController.sendTsMessage(com.alibaba.fastjson.JSONObject)
2020-09-27 17:04:01.197 [main] INFO  o.s.w.s.m.m.a.RequestMappingHandlerMapping - Mapped "{[/test/test03],methods=[POST]}" onto public java.lang.String com.example.springbootdemo.scheduled.contorller.TestController.test03(com.alibaba.fastjson.JSONObject)
2020-09-27 17:04:01.200 [main] INFO  o.s.w.s.m.m.a.RequestMappingHandlerMapping - Mapped "{[/error]}" onto public org.springframework.http.ResponseEntity<java.util.Map<java.lang.String, java.lang.Object>> org.springframework.boot.autoconfigure.web.BasicErrorController.error(javax.servlet.http.HttpServletRequest)
2020-09-27 17:04:01.202 [main] INFO  o.s.w.s.m.m.a.RequestMappingHandlerMapping - Mapped "{[/error],produces=[text/html]}" onto public org.springframework.web.servlet.ModelAndView org.springframework.boot.autoconfigure.web.BasicErrorController.errorHtml(javax.servlet.http.HttpServletRequest,javax.servlet.http.HttpServletResponse)
2020-09-27 17:04:01.348 [main] INFO  o.s.web.servlet.handler.SimpleUrlHandlerMapping - Mapped URL path [/webjars/**] onto handler of type [class org.springframework.web.servlet.resource.ResourceHttpRequestHandler]
2020-09-27 17:04:01.349 [main] INFO  o.s.web.servlet.handler.SimpleUrlHandlerMapping - Mapped URL path [/**] onto handler of type [class org.springframework.web.servlet.resource.ResourceHttpRequestHandler]
2020-09-27 17:04:01.399 [main] INFO  o.s.w.s.m.m.a.ExceptionHandlerExceptionResolver - Detected @ExceptionHandler methods in badRequestExceptionHandler
2020-09-27 17:04:01.452 [main] INFO  o.s.web.servlet.handler.SimpleUrlHandlerMapping - Mapped URL path [/**/favicon.ico] onto handler of type [class org.springframework.web.servlet.resource.ResourceHttpRequestHandler]
2020-09-27 17:04:01.810 [main] INFO  c.y.framework.logger.LogPatternAutoConfiguration - Ready to read source log4j2.xml 
2020-09-27 17:04:01.812 [main] INFO  c.y.framework.logger.LogPatternAutoConfiguration - Write new config content to log4j2.xml
2020-09-27 17:04:03.744 [main] INFO  o.s.context.support.DefaultLifecycleProcessor - Starting beans in phase 2147483647
2020-09-27 17:04:03.796 [main] INFO  com.example.springbootdemo.LogTest - Started LogTest in 10.3 seconds (JVM running for 11.789)
2020-09-27 17:04:03.905 [main] INFO  com.example.springbootdemo.LogTest - 普通信息
2020-09-27 17:04:03.920 [Thread-5] INFO  o.s.w.context.support.GenericWebApplicationContext - Closing org.springframework.web.context.support.GenericWebApplicationContext@75437611: startup date [Sun Sep 27 17:03:54 CST 2020]; root of context hierarchy
2020-09-27 17:04:03.923 [Thread-5] INFO  o.s.context.support.DefaultLifecycleProcessor - Stopping beans in phase 2147483647
